Warning: you requested the nanomsg event logger, but bmv2 was compiled without -DBMELOG, and the event logger cannot be activated
Calling target program-options parser
[07:15:01.387] [bmv2] [D] [thread 14818] Set default default entry for table 'MyIngress.check_is_ingress_border': NoAction - 
[07:15:01.388] [bmv2] [D] [thread 14818] Set default default entry for table 'MyIngress.smac': MyIngress.mac_learn - 
[07:15:01.388] [bmv2] [D] [thread 14818] Set default default entry for table 'MyIngress.addr_to_label': NoAction - 
[07:15:01.388] [bmv2] [D] [thread 14818] Set default default entry for table 'MyIngress.ecmp_group_to_label': NoAction - 
[07:15:01.388] [bmv2] [D] [thread 14818] Set default default entry for table 'MyIngress.dmac': NoAction - 
[07:15:01.388] [bmv2] [D] [thread 14818] Set default default entry for table 'tbl_act': act - 
[07:15:01.388] [bmv2] [D] [thread 14818] Set default default entry for table 'tbl_act_0': act_0 - 
[07:15:01.388] [bmv2] [D] [thread 14818] Set default default entry for table 'MyIngress.add_mcast_grp': NoAction - 
[07:15:01.388] [bmv2] [D] [thread 14818] Set default default entry for table 'MyIngress.vpls_tbl': MyIngress.drop - 
[07:15:01.388] [bmv2] [D] [thread 14818] Set default default entry for table 'tbl_act_1': act_1 - 
[07:15:01.388] [bmv2] [D] [thread 14818] Set default default entry for table 'tbl_act_2': act_2 - 
[07:15:01.389] [bmv2] [D] [thread 14818] Set default default entry for table 'MyIngress.vpls_dmac': MyIngress.drop - 
[07:15:01.389] [bmv2] [D] [thread 14818] Set default default entry for table 'tbl_act_3': act_3 - 
[07:15:01.389] [bmv2] [D] [thread 14818] Set default default entry for table 'tbl_act_4': act_4 - 
[07:15:01.389] [bmv2] [D] [thread 14818] Set default default entry for table 'MyIngress.vpls_dmac_broadcast': NoAction - 
[07:15:01.390] [bmv2] [D] [thread 14818] Set default default entry for table 'tbl_p4_pipeline342': p4_pipeline342 - 
[07:15:01.390] [bmv2] [D] [thread 14818] Set default default entry for table 'MyEgress.egress_broadcast_add_vpls': NoAction - 
[07:15:01.390] [bmv2] [D] [thread 14818] Set default default entry for table 'MyEgress.check_is_egress_border': NoAction - 
[07:15:01.390] [bmv2] [D] [thread 14818] Set default default entry for table 'tbl_act_5': act_5 - 
[07:15:01.391] [bmv2] [D] [thread 14818] Set default default entry for table 'tbl_act_6': act_6 - 
[07:15:01.391] [bmv2] [D] [thread 14818] Set default default entry for table 'MyEgress.vpls_learn_tbl': MyEgress.vpls_learn - 
[07:15:01.391] [bmv2] [D] [thread 14818] Set default default entry for table 'tbl_p4_pipeline364': p4_pipeline364 - 
Adding interface s2-eth1 as port 1
[07:15:01.396] [bmv2] [D] [thread 14818] Adding interface s2-eth1 as port 1
Adding interface s2-eth2 as port 2
[07:15:01.429] [bmv2] [D] [thread 14818] Adding interface s2-eth2 as port 2
Adding interface s2-eth3 as port 3
[07:15:01.460] [bmv2] [D] [thread 14818] Adding interface s2-eth3 as port 3
Adding interface s2-cpu-eth0 as port 4
[07:15:01.488] [bmv2] [D] [thread 14818] Adding interface s2-cpu-eth0 as port 4
[07:15:01.520] [bmv2] [I] [thread 14818] Starting Thrift server on port 9091
[07:15:01.521] [bmv2] [I] [thread 14818] Thrift server was started
[07:15:01.618] [bmv2] [D] [thread 14825] [0.0] [cxt 0] Processing packet received on port 3
[07:15:01.618] [bmv2] [D] [thread 14825] [0.0] [cxt 0] Parser 'parser': start
[07:15:01.618] [bmv2] [D] [thread 14825] [0.0] [cxt 0] Parser 'parser' entering state 'start'
[07:15:01.619] [bmv2] [D] [thread 14825] [0.0] [cxt 0] Extracting header 'ethernet'
[07:15:01.619] [bmv2] [D] [thread 14825] [0.0] [cxt 0] Parser state 'start': key is 86dd
[07:15:01.619] [bmv2] [T] [thread 14825] [0.0] [cxt 0] Bytes parsed: 14
[07:15:01.619] [bmv2] [D] [thread 14825] [0.0] [cxt 0] Parser 'parser': end
[07:15:01.620] [bmv2] [D] [thread 14825] [0.0] [cxt 0] Pipeline 'ingress': start
[07:15:01.620] [bmv2] [T] [thread 14825] [0.0] [cxt 0] Applying table 'MyIngress.check_is_ingress_border'
[07:15:01.620] [bmv2] [D] [thread 14825] [0.0] [cxt 0] Looking up key:
* standard_metadata.ingress_port: 0003

[07:15:01.620] [bmv2] [D] [thread 14825] [0.0] [cxt 0] Table 'MyIngress.check_is_ingress_border': miss
[07:15:01.620] [bmv2] [D] [thread 14825] [0.0] [cxt 0] Action entry is NoAction - 
[07:15:01.620] [bmv2] [T] [thread 14825] [0.0] [cxt 0] Action NoAction
[07:15:01.620] [bmv2] [T] [thread 14825] [0.0] [cxt 0] p4src/p4_pipeline.p4(222) Condition "meta.is_ingress_border == 1" (node_3) is false
[07:15:01.621] [bmv2] [T] [thread 14825] [0.0] [cxt 0] p4src/p4_pipeline.p4(241) Condition "hdr.vpls.isValid()" (node_12) is false
[07:15:01.621] [bmv2] [D] [thread 14825] [0.0] [cxt 0] Pipeline 'ingress': end
[07:15:01.621] [bmv2] [D] [thread 14825] [0.0] [cxt 0] Egress port is 0
[07:15:01.621] [bmv2] [D] [thread 14825] [1.0] [cxt 0] Processing packet received on port 3
[07:15:01.621] [bmv2] [D] [thread 14825] [1.0] [cxt 0] Parser 'parser': start
[07:15:01.621] [bmv2] [D] [thread 14825] [1.0] [cxt 0] Parser 'parser' entering state 'start'
[07:15:01.621] [bmv2] [D] [thread 14825] [1.0] [cxt 0] Extracting header 'ethernet'
[07:15:01.621] [bmv2] [D] [thread 14825] [1.0] [cxt 0] Parser state 'start': key is 86dd
[07:15:01.622] [bmv2] [T] [thread 14825] [1.0] [cxt 0] Bytes parsed: 14
[07:15:01.622] [bmv2] [D] [thread 14825] [1.0] [cxt 0] Parser 'parser': end
[07:15:01.622] [bmv2] [D] [thread 14825] [1.0] [cxt 0] Pipeline 'ingress': start
[07:15:01.621] [bmv2] [D] [thread 14826] [0.0] [cxt 0] Pipeline 'egress': start
[07:15:01.622] [bmv2] [T] [thread 14826] [0.0] [cxt 0] p4src/p4_pipeline.p4(339) Condition "(standard_metadata.instance_type == 1) || (standard_metadata.instance_type == 2)" (node_24) is false
[07:15:01.622] [bmv2] [T] [thread 14826] [0.0] [cxt 0] p4src/p4_pipeline.p4(355) Condition "!hdr.vpls.isValid()" (node_26) is true
[07:15:01.622] [bmv2] [T] [thread 14826] [0.0] [cxt 0] Applying table 'MyEgress.egress_broadcast_add_vpls'
[07:15:01.623] [bmv2] [D] [thread 14826] [0.0] [cxt 0] Looking up key:
* standard_metadata.mcast_grp : 0000
* standard_metadata.egress_rid: 0000

[07:15:01.623] [bmv2] [D] [thread 14826] [0.0] [cxt 0] Table 'MyEgress.egress_broadcast_add_vpls': miss
[07:15:01.623] [bmv2] [D] [thread 14826] [0.0] [cxt 0] Action entry is NoAction - 
[07:15:01.623] [bmv2] [T] [thread 14826] [0.0] [cxt 0] Action NoAction
[07:15:01.623] [bmv2] [D] [thread 14826] [0.0] [cxt 0] Pipeline 'egress': end
[07:15:01.623] [bmv2] [D] [thread 14826] [0.0] [cxt 0] Deparser 'deparser': start
[07:15:01.623] [bmv2] [T] [thread 14826] [0.0] [cxt 0] Skipping checksum 'cksum' update because condition not met
[07:15:01.623] [bmv2] [D] [thread 14826] [0.0] [cxt 0] Deparsing header 'ethernet'
[07:15:01.624] [bmv2] [D] [thread 14826] [0.0] [cxt 0] Deparser 'deparser': end
[07:15:01.624] [bmv2] [D] [thread 14830] [0.0] [cxt 0] Transmitting packet of size 90 out of port 0
[07:15:01.622] [bmv2] [T] [thread 14825] [1.0] [cxt 0] Applying table 'MyIngress.check_is_ingress_border'
[07:15:01.624] [bmv2] [D] [thread 14825] [1.0] [cxt 0] Looking up key:
* standard_metadata.ingress_port: 0003

[07:15:01.624] [bmv2] [D] [thread 14825] [1.0] [cxt 0] Table 'MyIngress.check_is_ingress_border': miss
[07:15:01.624] [bmv2] [D] [thread 14825] [1.0] [cxt 0] Action entry is NoAction - 
[07:15:01.624] [bmv2] [T] [thread 14825] [1.0] [cxt 0] Action NoAction
[07:15:01.624] [bmv2] [T] [thread 14825] [1.0] [cxt 0] p4src/p4_pipeline.p4(222) Condition "meta.is_ingress_border == 1" (node_3) is false
[07:15:01.625] [bmv2] [T] [thread 14825] [1.0] [cxt 0] p4src/p4_pipeline.p4(241) Condition "hdr.vpls.isValid()" (node_12) is false
[07:15:01.625] [bmv2] [D] [thread 14825] [1.0] [cxt 0] Pipeline 'ingress': end
[07:15:01.625] [bmv2] [D] [thread 14825] [1.0] [cxt 0] Egress port is 0
[07:15:01.625] [bmv2] [D] [thread 14826] [1.0] [cxt 0] Pipeline 'egress': start
[07:15:01.625] [bmv2] [T] [thread 14826] [1.0] [cxt 0] p4src/p4_pipeline.p4(339) Condition "(standard_metadata.instance_type == 1) || (standard_metadata.instance_type == 2)" (node_24) is false
[07:15:01.625] [bmv2] [T] [thread 14826] [1.0] [cxt 0] p4src/p4_pipeline.p4(355) Condition "!hdr.vpls.isValid()" (node_26) is true
[07:15:01.625] [bmv2] [T] [thread 14826] [1.0] [cxt 0] Applying table 'MyEgress.egress_broadcast_add_vpls'
[07:15:01.626] [bmv2] [D] [thread 14826] [1.0] [cxt 0] Looking up key:
* standard_metadata.mcast_grp : 0000
* standard_metadata.egress_rid: 0000

[07:15:01.626] [bmv2] [D] [thread 14826] [1.0] [cxt 0] Table 'MyEgress.egress_broadcast_add_vpls': miss
[07:15:01.626] [bmv2] [D] [thread 14826] [1.0] [cxt 0] Action entry is NoAction - 
[07:15:01.626] [bmv2] [T] [thread 14826] [1.0] [cxt 0] Action NoAction
[07:15:01.626] [bmv2] [D] [thread 14826] [1.0] [cxt 0] Pipeline 'egress': end
[07:15:01.626] [bmv2] [D] [thread 14826] [1.0] [cxt 0] Deparser 'deparser': start
[07:15:01.626] [bmv2] [T] [thread 14826] [1.0] [cxt 0] Skipping checksum 'cksum' update because condition not met
[07:15:01.626] [bmv2] [D] [thread 14826] [1.0] [cxt 0] Deparsing header 'ethernet'
[07:15:01.626] [bmv2] [D] [thread 14826] [1.0] [cxt 0] Deparser 'deparser': end
[07:15:01.626] [bmv2] [D] [thread 14830] [1.0] [cxt 0] Transmitting packet of size 70 out of port 0
[07:15:01.756] [bmv2] [D] [thread 14825] [2.0] [cxt 0] Processing packet received on port 1
[07:15:01.756] [bmv2] [D] [thread 14825] [2.0] [cxt 0] Parser 'parser': start
[07:15:01.756] [bmv2] [D] [thread 14825] [2.0] [cxt 0] Parser 'parser' entering state 'start'
[07:15:01.757] [bmv2] [D] [thread 14825] [2.0] [cxt 0] Extracting header 'ethernet'
[07:15:01.757] [bmv2] [D] [thread 14825] [2.0] [cxt 0] Parser state 'start': key is 86dd
[07:15:01.757] [bmv2] [T] [thread 14825] [2.0] [cxt 0] Bytes parsed: 14
[07:15:01.757] [bmv2] [D] [thread 14825] [2.0] [cxt 0] Parser 'parser': end
[07:15:01.757] [bmv2] [D] [thread 14825] [2.0] [cxt 0] Pipeline 'ingress': start
[07:15:01.757] [bmv2] [T] [thread 14825] [2.0] [cxt 0] Applying table 'MyIngress.check_is_ingress_border'
[07:15:01.758] [bmv2] [D] [thread 14825] [2.0] [cxt 0] Looking up key:
* standard_metadata.ingress_port: 0001

[07:15:01.758] [bmv2] [D] [thread 14825] [2.0] [cxt 0] Table 'MyIngress.check_is_ingress_border': miss
[07:15:01.758] [bmv2] [D] [thread 14825] [2.0] [cxt 0] Action entry is NoAction - 
[07:15:01.758] [bmv2] [T] [thread 14825] [2.0] [cxt 0] Action NoAction
[07:15:01.758] [bmv2] [T] [thread 14825] [2.0] [cxt 0] p4src/p4_pipeline.p4(222) Condition "meta.is_ingress_border == 1" (node_3) is false
[07:15:01.758] [bmv2] [T] [thread 14825] [2.0] [cxt 0] p4src/p4_pipeline.p4(241) Condition "hdr.vpls.isValid()" (node_12) is false
[07:15:01.758] [bmv2] [D] [thread 14825] [2.0] [cxt 0] Pipeline 'ingress': end
[07:15:01.758] [bmv2] [D] [thread 14825] [2.0] [cxt 0] Egress port is 0
[07:15:01.759] [bmv2] [D] [thread 14826] [2.0] [cxt 0] Pipeline 'egress': start
[07:15:01.759] [bmv2] [T] [thread 14826] [2.0] [cxt 0] p4src/p4_pipeline.p4(339) Condition "(standard_metadata.instance_type == 1) || (standard_metadata.instance_type == 2)" (node_24) is false
[07:15:01.759] [bmv2] [T] [thread 14826] [2.0] [cxt 0] p4src/p4_pipeline.p4(355) Condition "!hdr.vpls.isValid()" (node_26) is true
[07:15:01.759] [bmv2] [T] [thread 14826] [2.0] [cxt 0] Applying table 'MyEgress.egress_broadcast_add_vpls'
[07:15:01.759] [bmv2] [D] [thread 14826] [2.0] [cxt 0] Looking up key:
* standard_metadata.mcast_grp : 0000
* standard_metadata.egress_rid: 0000

[07:15:01.759] [bmv2] [D] [thread 14826] [2.0] [cxt 0] Table 'MyEgress.egress_broadcast_add_vpls': miss
[07:15:01.759] [bmv2] [D] [thread 14826] [2.0] [cxt 0] Action entry is NoAction - 
[07:15:01.759] [bmv2] [T] [thread 14826] [2.0] [cxt 0] Action NoAction
[07:15:01.760] [bmv2] [D] [thread 14826] [2.0] [cxt 0] Pipeline 'egress': end
[07:15:01.760] [bmv2] [D] [thread 14826] [2.0] [cxt 0] Deparser 'deparser': start
[07:15:01.760] [bmv2] [T] [thread 14826] [2.0] [cxt 0] Skipping checksum 'cksum' update because condition not met
[07:15:01.760] [bmv2] [D] [thread 14826] [2.0] [cxt 0] Deparsing header 'ethernet'
[07:15:01.760] [bmv2] [D] [thread 14826] [2.0] [cxt 0] Deparser 'deparser': end
[07:15:01.760] [bmv2] [D] [thread 14830] [2.0] [cxt 0] Transmitting packet of size 90 out of port 0
[07:15:01.798] [bmv2] [D] [thread 14825] [3.0] [cxt 0] Processing packet received on port 1
[07:15:01.798] [bmv2] [D] [thread 14825] [3.0] [cxt 0] Parser 'parser': start
[07:15:01.798] [bmv2] [D] [thread 14825] [3.0] [cxt 0] Parser 'parser' entering state 'start'
[07:15:01.798] [bmv2] [D] [thread 14825] [3.0] [cxt 0] Extracting header 'ethernet'
[07:15:01.798] [bmv2] [D] [thread 14825] [3.0] [cxt 0] Parser state 'start': key is 86dd
[07:15:01.798] [bmv2] [T] [thread 14825] [3.0] [cxt 0] Bytes parsed: 14
[07:15:01.799] [bmv2] [D] [thread 14825] [3.0] [cxt 0] Parser 'parser': end
[07:15:01.799] [bmv2] [D] [thread 14825] [3.0] [cxt 0] Pipeline 'ingress': start
[07:15:01.799] [bmv2] [T] [thread 14825] [3.0] [cxt 0] Applying table 'MyIngress.check_is_ingress_border'
[07:15:01.799] [bmv2] [D] [thread 14825] [3.0] [cxt 0] Looking up key:
* standard_metadata.ingress_port: 0001

[07:15:01.799] [bmv2] [D] [thread 14825] [3.0] [cxt 0] Table 'MyIngress.check_is_ingress_border': miss
[07:15:01.799] [bmv2] [D] [thread 14825] [3.0] [cxt 0] Action entry is NoAction - 
[07:15:01.799] [bmv2] [T] [thread 14825] [3.0] [cxt 0] Action NoAction
[07:15:01.800] [bmv2] [T] [thread 14825] [3.0] [cxt 0] p4src/p4_pipeline.p4(222) Condition "meta.is_ingress_border == 1" (node_3) is false
[07:15:01.800] [bmv2] [T] [thread 14825] [3.0] [cxt 0] p4src/p4_pipeline.p4(241) Condition "hdr.vpls.isValid()" (node_12) is false
[07:15:01.800] [bmv2] [D] [thread 14825] [3.0] [cxt 0] Pipeline 'ingress': end
[07:15:01.800] [bmv2] [D] [thread 14825] [3.0] [cxt 0] Egress port is 0
[07:15:01.800] [bmv2] [D] [thread 14826] [3.0] [cxt 0] Pipeline 'egress': start
[07:15:01.800] [bmv2] [T] [thread 14826] [3.0] [cxt 0] p4src/p4_pipeline.p4(339) Condition "(standard_metadata.instance_type == 1) || (standard_metadata.instance_type == 2)" (node_24) is false
[07:15:01.800] [bmv2] [T] [thread 14826] [3.0] [cxt 0] p4src/p4_pipeline.p4(355) Condition "!hdr.vpls.isValid()" (node_26) is true
[07:15:01.800] [bmv2] [T] [thread 14826] [3.0] [cxt 0] Applying table 'MyEgress.egress_broadcast_add_vpls'
[07:15:01.801] [bmv2] [D] [thread 14826] [3.0] [cxt 0] Looking up key:
* standard_metadata.mcast_grp : 0000
* standard_metadata.egress_rid: 0000

[07:15:01.801] [bmv2] [D] [thread 14826] [3.0] [cxt 0] Table 'MyEgress.egress_broadcast_add_vpls': miss
[07:15:01.801] [bmv2] [D] [thread 14826] [3.0] [cxt 0] Action entry is NoAction - 
[07:15:01.801] [bmv2] [T] [thread 14826] [3.0] [cxt 0] Action NoAction
[07:15:01.801] [bmv2] [D] [thread 14826] [3.0] [cxt 0] Pipeline 'egress': end
[07:15:01.801] [bmv2] [D] [thread 14826] [3.0] [cxt 0] Deparser 'deparser': start
[07:15:01.801] [bmv2] [T] [thread 14826] [3.0] [cxt 0] Skipping checksum 'cksum' update because condition not met
[07:15:01.802] [bmv2] [D] [thread 14826] [3.0] [cxt 0] Deparsing header 'ethernet'
[07:15:01.802] [bmv2] [D] [thread 14826] [3.0] [cxt 0] Deparser 'deparser': end
[07:15:01.802] [bmv2] [D] [thread 14830] [3.0] [cxt 0] Transmitting packet of size 90 out of port 0
[07:15:01.801] [bmv2] [D] [thread 14825] [4.0] [cxt 0] Processing packet received on port 1
[07:15:01.802] [bmv2] [D] [thread 14825] [4.0] [cxt 0] Parser 'parser': start
[07:15:01.802] [bmv2] [D] [thread 14825] [4.0] [cxt 0] Parser 'parser' entering state 'start'
[07:15:01.802] [bmv2] [D] [thread 14825] [4.0] [cxt 0] Extracting header 'ethernet'
[07:15:01.803] [bmv2] [D] [thread 14825] [4.0] [cxt 0] Parser state 'start': key is 86dd
[07:15:01.803] [bmv2] [T] [thread 14825] [4.0] [cxt 0] Bytes parsed: 14
[07:15:01.803] [bmv2] [D] [thread 14825] [4.0] [cxt 0] Parser 'parser': end
[07:15:01.803] [bmv2] [D] [thread 14825] [4.0] [cxt 0] Pipeline 'ingress': start
[07:15:01.803] [bmv2] [T] [thread 14825] [4.0] [cxt 0] Applying table 'MyIngress.check_is_ingress_border'
[07:15:01.803] [bmv2] [D] [thread 14825] [4.0] [cxt 0] Looking up key:
* standard_metadata.ingress_port: 0001

[07:15:01.803] [bmv2] [D] [thread 14825] [4.0] [cxt 0] Table 'MyIngress.check_is_ingress_border': miss
[07:15:01.803] [bmv2] [D] [thread 14825] [4.0] [cxt 0] Action entry is NoAction - 
[07:15:01.803] [bmv2] [T] [thread 14825] [4.0] [cxt 0] Action NoAction
[07:15:01.804] [bmv2] [T] [thread 14825] [4.0] [cxt 0] p4src/p4_pipeline.p4(222) Condition "meta.is_ingress_border == 1" (node_3) is false
[07:15:01.804] [bmv2] [T] [thread 14825] [4.0] [cxt 0] p4src/p4_pipeline.p4(241) Condition "hdr.vpls.isValid()" (node_12) is false
[07:15:01.804] [bmv2] [D] [thread 14825] [4.0] [cxt 0] Pipeline 'ingress': end
[07:15:01.804] [bmv2] [D] [thread 14825] [4.0] [cxt 0] Egress port is 0
[07:15:01.804] [bmv2] [D] [thread 14826] [4.0] [cxt 0] Pipeline 'egress': start
[07:15:01.804] [bmv2] [T] [thread 14826] [4.0] [cxt 0] p4src/p4_pipeline.p4(339) Condition "(standard_metadata.instance_type == 1) || (standard_metadata.instance_type == 2)" (node_24) is false
[07:15:01.804] [bmv2] [T] [thread 14826] [4.0] [cxt 0] p4src/p4_pipeline.p4(355) Condition "!hdr.vpls.isValid()" (node_26) is true
[07:15:01.804] [bmv2] [T] [thread 14826] [4.0] [cxt 0] Applying table 'MyEgress.egress_broadcast_add_vpls'
[07:15:01.805] [bmv2] [D] [thread 14826] [4.0] [cxt 0] Looking up key:
* standard_metadata.mcast_grp : 0000
* standard_metadata.egress_rid: 0000

[07:15:01.805] [bmv2] [D] [thread 14826] [4.0] [cxt 0] Table 'MyEgress.egress_broadcast_add_vpls': miss
[07:15:01.805] [bmv2] [D] [thread 14826] [4.0] [cxt 0] Action entry is NoAction - 
[07:15:01.805] [bmv2] [T] [thread 14826] [4.0] [cxt 0] Action NoAction
[07:15:01.805] [bmv2] [D] [thread 14826] [4.0] [cxt 0] Pipeline 'egress': end
[07:15:01.805] [bmv2] [D] [thread 14826] [4.0] [cxt 0] Deparser 'deparser': start
[07:15:01.805] [bmv2] [T] [thread 14826] [4.0] [cxt 0] Skipping checksum 'cksum' update because condition not met
[07:15:01.805] [bmv2] [D] [thread 14826] [4.0] [cxt 0] Deparsing header 'ethernet'
[07:15:01.805] [bmv2] [D] [thread 14826] [4.0] [cxt 0] Deparser 'deparser': end
[07:15:01.805] [bmv2] [D] [thread 14830] [4.0] [cxt 0] Transmitting packet of size 70 out of port 0
[07:15:01.862] [bmv2] [D] [thread 14825] [5.0] [cxt 0] Processing packet received on port 3
[07:15:01.862] [bmv2] [D] [thread 14825] [5.0] [cxt 0] Parser 'parser': start
[07:15:01.862] [bmv2] [D] [thread 14825] [5.0] [cxt 0] Parser 'parser' entering state 'start'
[07:15:01.862] [bmv2] [D] [thread 14825] [5.0] [cxt 0] Extracting header 'ethernet'
[07:15:01.863] [bmv2] [D] [thread 14825] [5.0] [cxt 0] Parser state 'start': key is 86dd
[07:15:01.863] [bmv2] [T] [thread 14825] [5.0] [cxt 0] Bytes parsed: 14
[07:15:01.863] [bmv2] [D] [thread 14825] [5.0] [cxt 0] Parser 'parser': end
[07:15:01.863] [bmv2] [D] [thread 14825] [5.0] [cxt 0] Pipeline 'ingress': start
[07:15:01.863] [bmv2] [T] [thread 14825] [5.0] [cxt 0] Applying table 'MyIngress.check_is_ingress_border'
[07:15:01.863] [bmv2] [D] [thread 14825] [5.0] [cxt 0] Looking up key:
* standard_metadata.ingress_port: 0003

[07:15:01.863] [bmv2] [D] [thread 14825] [5.0] [cxt 0] Table 'MyIngress.check_is_ingress_border': miss
[07:15:01.863] [bmv2] [D] [thread 14825] [5.0] [cxt 0] Action entry is NoAction - 
[07:15:01.863] [bmv2] [T] [thread 14825] [5.0] [cxt 0] Action NoAction
[07:15:01.864] [bmv2] [T] [thread 14825] [5.0] [cxt 0] p4src/p4_pipeline.p4(222) Condition "meta.is_ingress_border == 1" (node_3) is false
[07:15:01.864] [bmv2] [T] [thread 14825] [5.0] [cxt 0] p4src/p4_pipeline.p4(241) Condition "hdr.vpls.isValid()" (node_12) is false
[07:15:01.864] [bmv2] [D] [thread 14825] [5.0] [cxt 0] Pipeline 'ingress': end
[07:15:01.864] [bmv2] [D] [thread 14825] [5.0] [cxt 0] Egress port is 0
[07:15:01.864] [bmv2] [D] [thread 14826] [5.0] [cxt 0] Pipeline 'egress': start
[07:15:01.864] [bmv2] [T] [thread 14826] [5.0] [cxt 0] p4src/p4_pipeline.p4(339) Condition "(standard_metadata.instance_type == 1) || (standard_metadata.instance_type == 2)" (node_24) is false
[07:15:01.864] [bmv2] [T] [thread 14826] [5.0] [cxt 0] p4src/p4_pipeline.p4(355) Condition "!hdr.vpls.isValid()" (node_26) is true
[07:15:01.864] [bmv2] [T] [thread 14826] [5.0] [cxt 0] Applying table 'MyEgress.egress_broadcast_add_vpls'
[07:15:01.864] [bmv2] [D] [thread 14826] [5.0] [cxt 0] Looking up key:
* standard_metadata.mcast_grp : 0000
* standard_metadata.egress_rid: 0000

[07:15:01.865] [bmv2] [D] [thread 14826] [5.0] [cxt 0] Table 'MyEgress.egress_broadcast_add_vpls': miss
[07:15:01.865] [bmv2] [D] [thread 14826] [5.0] [cxt 0] Action entry is NoAction - 
[07:15:01.865] [bmv2] [T] [thread 14826] [5.0] [cxt 0] Action NoAction
[07:15:01.865] [bmv2] [D] [thread 14826] [5.0] [cxt 0] Pipeline 'egress': end
[07:15:01.865] [bmv2] [D] [thread 14826] [5.0] [cxt 0] Deparser 'deparser': start
[07:15:01.865] [bmv2] [T] [thread 14826] [5.0] [cxt 0] Skipping checksum 'cksum' update because condition not met
[07:15:01.865] [bmv2] [D] [thread 14826] [5.0] [cxt 0] Deparsing header 'ethernet'
[07:15:01.865] [bmv2] [D] [thread 14826] [5.0] [cxt 0] Deparser 'deparser': end
[07:15:01.866] [bmv2] [D] [thread 14830] [5.0] [cxt 0] Transmitting packet of size 90 out of port 0
[07:15:01.864] [bmv2] [D] [thread 14825] [6.0] [cxt 0] Processing packet received on port 3
[07:15:01.866] [bmv2] [D] [thread 14825] [6.0] [cxt 0] Parser 'parser': start
[07:15:01.866] [bmv2] [D] [thread 14825] [6.0] [cxt 0] Parser 'parser' entering state 'start'
[07:15:01.866] [bmv2] [D] [thread 14825] [6.0] [cxt 0] Extracting header 'ethernet'
[07:15:01.867] [bmv2] [D] [thread 14825] [6.0] [cxt 0] Parser state 'start': key is 86dd
[07:15:01.867] [bmv2] [T] [thread 14825] [6.0] [cxt 0] Bytes parsed: 14
[07:15:01.867] [bmv2] [D] [thread 14825] [6.0] [cxt 0] Parser 'parser': end
[07:15:01.867] [bmv2] [D] [thread 14825] [6.0] [cxt 0] Pipeline 'ingress': start
[07:15:01.867] [bmv2] [T] [thread 14825] [6.0] [cxt 0] Applying table 'MyIngress.check_is_ingress_border'
[07:15:01.867] [bmv2] [D] [thread 14825] [6.0] [cxt 0] Looking up key:
* standard_metadata.ingress_port: 0003

[07:15:01.867] [bmv2] [D] [thread 14825] [6.0] [cxt 0] Table 'MyIngress.check_is_ingress_border': miss
[07:15:01.867] [bmv2] [D] [thread 14825] [6.0] [cxt 0] Action entry is NoAction - 
[07:15:01.867] [bmv2] [T] [thread 14825] [6.0] [cxt 0] Action NoAction
[07:15:01.868] [bmv2] [T] [thread 14825] [6.0] [cxt 0] p4src/p4_pipeline.p4(222) Condition "meta.is_ingress_border == 1" (node_3) is false
[07:15:01.868] [bmv2] [T] [thread 14825] [6.0] [cxt 0] p4src/p4_pipeline.p4(241) Condition "hdr.vpls.isValid()" (node_12) is false
[07:15:01.868] [bmv2] [D] [thread 14825] [6.0] [cxt 0] Pipeline 'ingress': end
[07:15:01.868] [bmv2] [D] [thread 14825] [6.0] [cxt 0] Egress port is 0
[07:15:01.868] [bmv2] [D] [thread 14826] [6.0] [cxt 0] Pipeline 'egress': start
[07:15:01.868] [bmv2] [T] [thread 14826] [6.0] [cxt 0] p4src/p4_pipeline.p4(339) Condition "(standard_metadata.instance_type == 1) || (standard_metadata.instance_type == 2)" (node_24) is false
[07:15:01.868] [bmv2] [T] [thread 14826] [6.0] [cxt 0] p4src/p4_pipeline.p4(355) Condition "!hdr.vpls.isValid()" (node_26) is true
[07:15:01.869] [bmv2] [T] [thread 14826] [6.0] [cxt 0] Applying table 'MyEgress.egress_broadcast_add_vpls'
[07:15:01.869] [bmv2] [D] [thread 14826] [6.0] [cxt 0] Looking up key:
* standard_metadata.mcast_grp : 0000
* standard_metadata.egress_rid: 0000

[07:15:01.869] [bmv2] [D] [thread 14826] [6.0] [cxt 0] Table 'MyEgress.egress_broadcast_add_vpls': miss
[07:15:01.869] [bmv2] [D] [thread 14826] [6.0] [cxt 0] Action entry is NoAction - 
[07:15:01.869] [bmv2] [T] [thread 14826] [6.0] [cxt 0] Action NoAction
[07:15:01.869] [bmv2] [D] [thread 14826] [6.0] [cxt 0] Pipeline 'egress': end
[07:15:01.869] [bmv2] [D] [thread 14826] [6.0] [cxt 0] Deparser 'deparser': start
[07:15:01.869] [bmv2] [T] [thread 14826] [6.0] [cxt 0] Skipping checksum 'cksum' update because condition not met
[07:15:01.870] [bmv2] [D] [thread 14826] [6.0] [cxt 0] Deparsing header 'ethernet'
[07:15:01.870] [bmv2] [D] [thread 14826] [6.0] [cxt 0] Deparser 'deparser': end
[07:15:01.870] [bmv2] [D] [thread 14830] [6.0] [cxt 0] Transmitting packet of size 70 out of port 0
[07:15:01.929] [bmv2] [D] [thread 14825] [7.0] [cxt 0] Processing packet received on port 3
[07:15:01.929] [bmv2] [D] [thread 14825] [7.0] [cxt 0] Parser 'parser': start
[07:15:01.929] [bmv2] [D] [thread 14825] [7.0] [cxt 0] Parser 'parser' entering state 'start'
[07:15:01.929] [bmv2] [D] [thread 14825] [7.0] [cxt 0] Extracting header 'ethernet'
[07:15:01.930] [bmv2] [D] [thread 14825] [7.0] [cxt 0] Parser state 'start': key is 86dd
[07:15:01.930] [bmv2] [T] [thread 14825] [7.0] [cxt 0] Bytes parsed: 14
[07:15:01.930] [bmv2] [D] [thread 14825] [7.0] [cxt 0] Parser 'parser': end
[07:15:01.931] [bmv2] [D] [thread 14825] [7.0] [cxt 0] Pipeline 'ingress': start
[07:15:01.931] [bmv2] [T] [thread 14825] [7.0] [cxt 0] Applying table 'MyIngress.check_is_ingress_border'
[07:15:01.931] [bmv2] [D] [thread 14825] [7.0] [cxt 0] Looking up key:
* standard_metadata.ingress_port: 0003

[07:15:01.931] [bmv2] [D] [thread 14825] [7.0] [cxt 0] Table 'MyIngress.check_is_ingress_border': miss
[07:15:01.932] [bmv2] [D] [thread 14825] [7.0] [cxt 0] Action entry is NoAction - 
[07:15:01.932] [bmv2] [T] [thread 14825] [7.0] [cxt 0] Action NoAction
[07:15:01.932] [bmv2] [T] [thread 14825] [7.0] [cxt 0] p4src/p4_pipeline.p4(222) Condition "meta.is_ingress_border == 1" (node_3) is false
[07:15:01.932] [bmv2] [T] [thread 14825] [7.0] [cxt 0] p4src/p4_pipeline.p4(241) Condition "hdr.vpls.isValid()" (node_12) is false
[07:15:01.932] [bmv2] [D] [thread 14825] [7.0] [cxt 0] Pipeline 'ingress': end
[07:15:01.933] [bmv2] [D] [thread 14825] [7.0] [cxt 0] Egress port is 0
[07:15:01.933] [bmv2] [D] [thread 14826] [7.0] [cxt 0] Pipeline 'egress': start
[07:15:01.933] [bmv2] [T] [thread 14826] [7.0] [cxt 0] p4src/p4_pipeline.p4(339) Condition "(standard_metadata.instance_type == 1) || (standard_metadata.instance_type == 2)" (node_24) is false
[07:15:01.933] [bmv2] [T] [thread 14826] [7.0] [cxt 0] p4src/p4_pipeline.p4(355) Condition "!hdr.vpls.isValid()" (node_26) is true
[07:15:01.933] [bmv2] [T] [thread 14826] [7.0] [cxt 0] Applying table 'MyEgress.egress_broadcast_add_vpls'
[07:15:01.933] [bmv2] [D] [thread 14826] [7.0] [cxt 0] Looking up key:
* standard_metadata.mcast_grp : 0000
* standard_metadata.egress_rid: 0000

[07:15:01.933] [bmv2] [D] [thread 14826] [7.0] [cxt 0] Table 'MyEgress.egress_broadcast_add_vpls': miss
[07:15:01.934] [bmv2] [D] [thread 14826] [7.0] [cxt 0] Action entry is NoAction - 
[07:15:01.936] [bmv2] [T] [thread 14826] [7.0] [cxt 0] Action NoAction
[07:15:01.936] [bmv2] [D] [thread 14826] [7.0] [cxt 0] Pipeline 'egress': end
[07:15:01.936] [bmv2] [D] [thread 14826] [7.0] [cxt 0] Deparser 'deparser': start
[07:15:01.937] [bmv2] [T] [thread 14826] [7.0] [cxt 0] Skipping checksum 'cksum' update because condition not met
[07:15:01.937] [bmv2] [D] [thread 14826] [7.0] [cxt 0] Deparsing header 'ethernet'
[07:15:01.937] [bmv2] [D] [thread 14826] [7.0] [cxt 0] Deparser 'deparser': end
[07:15:01.937] [bmv2] [D] [thread 14830] [7.0] [cxt 0] Transmitting packet of size 90 out of port 0
[07:15:01.936] [bmv2] [D] [thread 14825] [8.0] [cxt 0] Processing packet received on port 2
[07:15:01.937] [bmv2] [D] [thread 14825] [8.0] [cxt 0] Parser 'parser': start
[07:15:01.937] [bmv2] [D] [thread 14825] [8.0] [cxt 0] Parser 'parser' entering state 'start'
[07:15:01.937] [bmv2] [D] [thread 14825] [8.0] [cxt 0] Extracting header 'ethernet'
[07:15:01.937] [bmv2] [D] [thread 14825] [8.0] [cxt 0] Parser state 'start': key is 86dd
[07:15:01.937] [bmv2] [T] [thread 14825] [8.0] [cxt 0] Bytes parsed: 14
[07:15:01.937] [bmv2] [D] [thread 14825] [8.0] [cxt 0] Parser 'parser': end
[07:15:01.937] [bmv2] [D] [thread 14825] [8.0] [cxt 0] Pipeline 'ingress': start
[07:15:01.937] [bmv2] [T] [thread 14825] [8.0] [cxt 0] Applying table 'MyIngress.check_is_ingress_border'
[07:15:01.938] [bmv2] [D] [thread 14825] [8.0] [cxt 0] Looking up key:
* standard_metadata.ingress_port: 0002

[07:15:01.938] [bmv2] [D] [thread 14825] [8.0] [cxt 0] Table 'MyIngress.check_is_ingress_border': miss
[07:15:01.938] [bmv2] [D] [thread 14825] [8.0] [cxt 0] Action entry is NoAction - 
[07:15:01.938] [bmv2] [T] [thread 14825] [8.0] [cxt 0] Action NoAction
[07:15:01.938] [bmv2] [T] [thread 14825] [8.0] [cxt 0] p4src/p4_pipeline.p4(222) Condition "meta.is_ingress_border == 1" (node_3) is false
[07:15:01.939] [bmv2] [T] [thread 14825] [8.0] [cxt 0] p4src/p4_pipeline.p4(241) Condition "hdr.vpls.isValid()" (node_12) is false
[07:15:01.939] [bmv2] [D] [thread 14825] [8.0] [cxt 0] Pipeline 'ingress': end
[07:15:01.939] [bmv2] [D] [thread 14825] [8.0] [cxt 0] Egress port is 0
[07:15:01.939] [bmv2] [D] [thread 14826] [8.0] [cxt 0] Pipeline 'egress': start
[07:15:01.939] [bmv2] [T] [thread 14826] [8.0] [cxt 0] p4src/p4_pipeline.p4(339) Condition "(standard_metadata.instance_type == 1) || (standard_metadata.instance_type == 2)" (node_24) is false
[07:15:01.939] [bmv2] [T] [thread 14826] [8.0] [cxt 0] p4src/p4_pipeline.p4(355) Condition "!hdr.vpls.isValid()" (node_26) is true
[07:15:01.939] [bmv2] [T] [thread 14826] [8.0] [cxt 0] Applying table 'MyEgress.egress_broadcast_add_vpls'
[07:15:01.939] [bmv2] [D] [thread 14826] [8.0] [cxt 0] Looking up key:
* standard_metadata.mcast_grp : 0000
* standard_metadata.egress_rid: 0000

[07:15:01.939] [bmv2] [D] [thread 14826] [8.0] [cxt 0] Table 'MyEgress.egress_broadcast_add_vpls': miss
[07:15:01.939] [bmv2] [D] [thread 14826] [8.0] [cxt 0] Action entry is NoAction - 
[07:15:01.939] [bmv2] [T] [thread 14826] [8.0] [cxt 0] Action NoAction
[07:15:01.940] [bmv2] [D] [thread 14826] [8.0] [cxt 0] Pipeline 'egress': end
[07:15:01.940] [bmv2] [D] [thread 14826] [8.0] [cxt 0] Deparser 'deparser': start
[07:15:01.940] [bmv2] [T] [thread 14826] [8.0] [cxt 0] Skipping checksum 'cksum' update because condition not met
[07:15:01.940] [bmv2] [D] [thread 14826] [8.0] [cxt 0] Deparsing header 'ethernet'
[07:15:01.940] [bmv2] [D] [thread 14826] [8.0] [cxt 0] Deparser 'deparser': end
[07:15:01.940] [bmv2] [D] [thread 14830] [8.0] [cxt 0] Transmitting packet of size 90 out of port 0
[07:15:02.081] [bmv2] [D] [thread 14825] [9.0] [cxt 0] Processing packet received on port 3
[07:15:02.081] [bmv2] [D] [thread 14825] [9.0] [cxt 0] Parser 'parser': start
[07:15:02.081] [bmv2] [D] [thread 14825] [9.0] [cxt 0] Parser 'parser' entering state 'start'
[07:15:02.081] [bmv2] [D] [thread 14825] [9.0] [cxt 0] Extracting header 'ethernet'
[07:15:02.082] [bmv2] [D] [thread 14825] [9.0] [cxt 0] Parser state 'start': key is 86dd
[07:15:02.082] [bmv2] [T] [thread 14825] [9.0] [cxt 0] Bytes parsed: 14
[07:15:02.082] [bmv2] [D] [thread 14825] [9.0] [cxt 0] Parser 'parser': end
[07:15:02.082] [bmv2] [D] [thread 14825] [9.0] [cxt 0] Pipeline 'ingress': start
[07:15:02.082] [bmv2] [T] [thread 14825] [9.0] [cxt 0] Applying table 'MyIngress.check_is_ingress_border'
[07:15:02.082] [bmv2] [D] [thread 14825] [9.0] [cxt 0] Looking up key:
* standard_metadata.ingress_port: 0003

[07:15:02.082] [bmv2] [D] [thread 14825] [9.0] [cxt 0] Table 'MyIngress.check_is_ingress_border': miss
[07:15:02.082] [bmv2] [D] [thread 14825] [9.0] [cxt 0] Action entry is NoAction - 
[07:15:02.083] [bmv2] [T] [thread 14825] [9.0] [cxt 0] Action NoAction
[07:15:02.083] [bmv2] [T] [thread 14825] [9.0] [cxt 0] p4src/p4_pipeline.p4(222) Condition "meta.is_ingress_border == 1" (node_3) is false
[07:15:02.083] [bmv2] [T] [thread 14825] [9.0] [cxt 0] p4src/p4_pipeline.p4(241) Condition "hdr.vpls.isValid()" (node_12) is false
[07:15:02.083] [bmv2] [D] [thread 14825] [9.0] [cxt 0] Pipeline 'ingress': end
[07:15:02.083] [bmv2] [D] [thread 14825] [9.0] [cxt 0] Egress port is 0
[07:15:02.083] [bmv2] [D] [thread 14826] [9.0] [cxt 0] Pipeline 'egress': start
[07:15:02.083] [bmv2] [T] [thread 14826] [9.0] [cxt 0] p4src/p4_pipeline.p4(339) Condition "(standard_metadata.instance_type == 1) || (standard_metadata.instance_type == 2)" (node_24) is false
[07:15:02.083] [bmv2] [T] [thread 14826] [9.0] [cxt 0] p4src/p4_pipeline.p4(355) Condition "!hdr.vpls.isValid()" (node_26) is true
[07:15:02.084] [bmv2] [T] [thread 14826] [9.0] [cxt 0] Applying table 'MyEgress.egress_broadcast_add_vpls'
[07:15:02.084] [bmv2] [D] [thread 14826] [9.0] [cxt 0] Looking up key:
* standard_metadata.mcast_grp : 0000
* standard_metadata.egress_rid: 0000

[07:15:02.084] [bmv2] [D] [thread 14826] [9.0] [cxt 0] Table 'MyEgress.egress_broadcast_add_vpls': miss
[07:15:02.084] [bmv2] [D] [thread 14826] [9.0] [cxt 0] Action entry is NoAction - 
[07:15:02.084] [bmv2] [T] [thread 14826] [9.0] [cxt 0] Action NoAction
[07:15:02.084] [bmv2] [D] [thread 14826] [9.0] [cxt 0] Pipeline 'egress': end
[07:15:02.084] [bmv2] [D] [thread 14826] [9.0] [cxt 0] Deparser 'deparser': start
[07:15:02.084] [bmv2] [T] [thread 14826] [9.0] [cxt 0] Skipping checksum 'cksum' update because condition not met
[07:15:02.085] [bmv2] [D] [thread 14826] [9.0] [cxt 0] Deparsing header 'ethernet'
[07:15:02.085] [bmv2] [D] [thread 14826] [9.0] [cxt 0] Deparser 'deparser': end
[07:15:02.085] [bmv2] [D] [thread 14830] [9.0] [cxt 0] Transmitting packet of size 90 out of port 0
[07:15:02.091] [bmv2] [D] [thread 14825] [10.0] [cxt 0] Processing packet received on port 4
[07:15:02.091] [bmv2] [D] [thread 14825] [10.0] [cxt 0] Parser 'parser': start
[07:15:02.091] [bmv2] [D] [thread 14825] [10.0] [cxt 0] Parser 'parser' entering state 'start'
[07:15:02.091] [bmv2] [D] [thread 14825] [10.0] [cxt 0] Extracting header 'ethernet'
[07:15:02.091] [bmv2] [D] [thread 14825] [10.0] [cxt 0] Parser state 'start': key is 86dd
[07:15:02.091] [bmv2] [T] [thread 14825] [10.0] [cxt 0] Bytes parsed: 14
[07:15:02.092] [bmv2] [D] [thread 14825] [10.0] [cxt 0] Parser 'parser': end
[07:15:02.092] [bmv2] [D] [thread 14825] [10.0] [cxt 0] Pipeline 'ingress': start
[07:15:02.092] [bmv2] [T] [thread 14825] [10.0] [cxt 0] Applying table 'MyIngress.check_is_ingress_border'
[07:15:02.092] [bmv2] [D] [thread 14825] [10.0] [cxt 0] Looking up key:
* standard_metadata.ingress_port: 0004

[07:15:02.092] [bmv2] [D] [thread 14825] [10.0] [cxt 0] Table 'MyIngress.check_is_ingress_border': miss
[07:15:02.092] [bmv2] [D] [thread 14825] [10.0] [cxt 0] Action entry is NoAction - 
[07:15:02.092] [bmv2] [T] [thread 14825] [10.0] [cxt 0] Action NoAction
[07:15:02.092] [bmv2] [T] [thread 14825] [10.0] [cxt 0] p4src/p4_pipeline.p4(222) Condition "meta.is_ingress_border == 1" (node_3) is false
[07:15:02.092] [bmv2] [T] [thread 14825] [10.0] [cxt 0] p4src/p4_pipeline.p4(241) Condition "hdr.vpls.isValid()" (node_12) is false
[07:15:02.092] [bmv2] [D] [thread 14825] [10.0] [cxt 0] Pipeline 'ingress': end
[07:15:02.093] [bmv2] [D] [thread 14825] [10.0] [cxt 0] Egress port is 0
[07:15:02.093] [bmv2] [D] [thread 14826] [10.0] [cxt 0] Pipeline 'egress': start
[07:15:02.093] [bmv2] [T] [thread 14826] [10.0] [cxt 0] p4src/p4_pipeline.p4(339) Condition "(standard_metadata.instance_type == 1) || (standard_metadata.instance_type == 2)" (node_24) is false
[07:15:02.093] [bmv2] [T] [thread 14826] [10.0] [cxt 0] p4src/p4_pipeline.p4(355) Condition "!hdr.vpls.isValid()" (node_26) is true
[07:15:02.093] [bmv2] [T] [thread 14826] [10.0] [cxt 0] Applying table 'MyEgress.egress_broadcast_add_vpls'
[07:15:02.093] [bmv2] [D] [thread 14826] [10.0] [cxt 0] Looking up key:
* standard_metadata.mcast_grp : 0000
* standard_metadata.egress_rid: 0000

[07:15:02.093] [bmv2] [D] [thread 14826] [10.0] [cxt 0] Table 'MyEgress.egress_broadcast_add_vpls': miss
[07:15:02.094] [bmv2] [D] [thread 14826] [10.0] [cxt 0] Action entry is NoAction - 
[07:15:02.094] [bmv2] [T] [thread 14826] [10.0] [cxt 0] Action NoAction
[07:15:02.094] [bmv2] [D] [thread 14826] [10.0] [cxt 0] Pipeline 'egress': end
[07:15:02.094] [bmv2] [D] [thread 14826] [10.0] [cxt 0] Deparser 'deparser': start
[07:15:02.094] [bmv2] [T] [thread 14826] [10.0] [cxt 0] Skipping checksum 'cksum' update because condition not met
[07:15:02.094] [bmv2] [D] [thread 14826] [10.0] [cxt 0] Deparsing header 'ethernet'
[07:15:02.094] [bmv2] [D] [thread 14826] [10.0] [cxt 0] Deparser 'deparser': end
[07:15:02.094] [bmv2] [D] [thread 14830] [10.0] [cxt 0] Transmitting packet of size 90 out of port 0
[07:15:02.099] [bmv2] [D] [thread 14825] [11.0] [cxt 0] Processing packet received on port 2
[07:15:02.099] [bmv2] [D] [thread 14825] [11.0] [cxt 0] Parser 'parser': start
[07:15:02.099] [bmv2] [D] [thread 14825] [11.0] [cxt 0] Parser 'parser' entering state 'start'
[07:15:02.099] [bmv2] [D] [thread 14825] [11.0] [cxt 0] Extracting header 'ethernet'
[07:15:02.099] [bmv2] [D] [thread 14825] [11.0] [cxt 0] Parser state 'start': key is 86dd
[07:15:02.099] [bmv2] [T] [thread 14825] [11.0] [cxt 0] Bytes parsed: 14
[07:15:02.100] [bmv2] [D] [thread 14825] [11.0] [cxt 0] Parser 'parser': end
[07:15:02.100] [bmv2] [D] [thread 14825] [11.0] [cxt 0] Pipeline 'ingress': start
[07:15:02.100] [bmv2] [T] [thread 14825] [11.0] [cxt 0] Applying table 'MyIngress.check_is_ingress_border'
[07:15:02.100] [bmv2] [D] [thread 14825] [11.0] [cxt 0] Looking up key:
* standard_metadata.ingress_port: 0002

[07:15:02.100] [bmv2] [D] [thread 14825] [11.0] [cxt 0] Table 'MyIngress.check_is_ingress_border': miss
[07:15:02.100] [bmv2] [D] [thread 14825] [11.0] [cxt 0] Action entry is NoAction - 
[07:15:02.100] [bmv2] [T] [thread 14825] [11.0] [cxt 0] Action NoAction
[07:15:02.100] [bmv2] [T] [thread 14825] [11.0] [cxt 0] p4src/p4_pipeline.p4(222) Condition "meta.is_ingress_border == 1" (node_3) is false
[07:15:02.100] [bmv2] [T] [thread 14825] [11.0] [cxt 0] p4src/p4_pipeline.p4(241) Condition "hdr.vpls.isValid()" (node_12) is false
[07:15:02.100] [bmv2] [D] [thread 14825] [11.0] [cxt 0] Pipeline 'ingress': end
[07:15:02.100] [bmv2] [D] [thread 14825] [11.0] [cxt 0] Egress port is 0
[07:15:02.101] [bmv2] [D] [thread 14826] [11.0] [cxt 0] Pipeline 'egress': start
[07:15:02.101] [bmv2] [T] [thread 14826] [11.0] [cxt 0] p4src/p4_pipeline.p4(339) Condition "(standard_metadata.instance_type == 1) || (standard_metadata.instance_type == 2)" (node_24) is false
[07:15:02.101] [bmv2] [T] [thread 14826] [11.0] [cxt 0] p4src/p4_pipeline.p4(355) Condition "!hdr.vpls.isValid()" (node_26) is true
[07:15:02.101] [bmv2] [T] [thread 14826] [11.0] [cxt 0] Applying table 'MyEgress.egress_broadcast_add_vpls'
[07:15:02.101] [bmv2] [D] [thread 14826] [11.0] [cxt 0] Looking up key:
* standard_metadata.mcast_grp : 0000
* standard_metadata.egress_rid: 0000

[07:15:02.101] [bmv2] [D] [thread 14826] [11.0] [cxt 0] Table 'MyEgress.egress_broadcast_add_vpls': miss
[07:15:02.101] [bmv2] [D] [thread 14826] [11.0] [cxt 0] Action entry is NoAction - 
[07:15:02.102] [bmv2] [T] [thread 14826] [11.0] [cxt 0] Action NoAction
[07:15:02.102] [bmv2] [D] [thread 14826] [11.0] [cxt 0] Pipeline 'egress': end
[07:15:02.102] [bmv2] [D] [thread 14826] [11.0] [cxt 0] Deparser 'deparser': start
[07:15:02.102] [bmv2] [T] [thread 14826] [11.0] [cxt 0] Skipping checksum 'cksum' update because condition not met
[07:15:02.102] [bmv2] [D] [thread 14826] [11.0] [cxt 0] Deparsing header 'ethernet'
[07:15:02.102] [bmv2] [D] [thread 14826] [11.0] [cxt 0] Deparser 'deparser': end
[07:15:02.102] [bmv2] [D] [thread 14830] [11.0] [cxt 0] Transmitting packet of size 90 out of port 0
[07:15:02.101] [bmv2] [D] [thread 14825] [12.0] [cxt 0] Processing packet received on port 2
[07:15:02.103] [bmv2] [D] [thread 14825] [12.0] [cxt 0] Parser 'parser': start
[07:15:02.103] [bmv2] [D] [thread 14825] [12.0] [cxt 0] Parser 'parser' entering state 'start'
[07:15:02.103] [bmv2] [D] [thread 14825] [12.0] [cxt 0] Extracting header 'ethernet'
[07:15:02.103] [bmv2] [D] [thread 14825] [12.0] [cxt 0] Parser state 'start': key is 86dd
[07:15:02.103] [bmv2] [T] [thread 14825] [12.0] [cxt 0] Bytes parsed: 14
[07:15:02.103] [bmv2] [D] [thread 14825] [12.0] [cxt 0] Parser 'parser': end
[07:15:02.103] [bmv2] [D] [thread 14825] [12.0] [cxt 0] Pipeline 'ingress': start
[07:15:02.103] [bmv2] [T] [thread 14825] [12.0] [cxt 0] Applying table 'MyIngress.check_is_ingress_border'
[07:15:02.104] [bmv2] [D] [thread 14825] [12.0] [cxt 0] Looking up key:
* standard_metadata.ingress_port: 0002

[07:15:02.104] [bmv2] [D] [thread 14825] [12.0] [cxt 0] Table 'MyIngress.check_is_ingress_border': miss
[07:15:02.104] [bmv2] [D] [thread 14825] [12.0] [cxt 0] Action entry is NoAction - 
[07:15:02.104] [bmv2] [T] [thread 14825] [12.0] [cxt 0] Action NoAction
[07:15:02.104] [bmv2] [T] [thread 14825] [12.0] [cxt 0] p4src/p4_pipeline.p4(222) Condition "meta.is_ingress_border == 1" (node_3) is false
[07:15:02.104] [bmv2] [T] [thread 14825] [12.0] [cxt 0] p4src/p4_pipeline.p4(241) Condition "hdr.vpls.isValid()" (node_12) is false
[07:15:02.104] [bmv2] [D] [thread 14825] [12.0] [cxt 0] Pipeline 'ingress': end
[07:15:02.105] [bmv2] [D] [thread 14825] [12.0] [cxt 0] Egress port is 0
[07:15:02.105] [bmv2] [D] [thread 14826] [12.0] [cxt 0] Pipeline 'egress': start
[07:15:02.105] [bmv2] [T] [thread 14826] [12.0] [cxt 0] p4src/p4_pipeline.p4(339) Condition "(standard_metadata.instance_type == 1) || (standard_metadata.instance_type == 2)" (node_24) is false
[07:15:02.105] [bmv2] [T] [thread 14826] [12.0] [cxt 0] p4src/p4_pipeline.p4(355) Condition "!hdr.vpls.isValid()" (node_26) is true
[07:15:02.105] [bmv2] [T] [thread 14826] [12.0] [cxt 0] Applying table 'MyEgress.egress_broadcast_add_vpls'
[07:15:02.105] [bmv2] [D] [thread 14826] [12.0] [cxt 0] Looking up key:
* standard_metadata.mcast_grp : 0000
* standard_metadata.egress_rid: 0000

[07:15:02.105] [bmv2] [D] [thread 14826] [12.0] [cxt 0] Table 'MyEgress.egress_broadcast_add_vpls': miss
[07:15:02.105] [bmv2] [D] [thread 14826] [12.0] [cxt 0] Action entry is NoAction - 
[07:15:02.106] [bmv2] [T] [thread 14826] [12.0] [cxt 0] Action NoAction
[07:15:02.106] [bmv2] [D] [thread 14826] [12.0] [cxt 0] Pipeline 'egress': end
[07:15:02.106] [bmv2] [D] [thread 14826] [12.0] [cxt 0] Deparser 'deparser': start
[07:15:02.106] [bmv2] [T] [thread 14826] [12.0] [cxt 0] Skipping checksum 'cksum' update because condition not met
[07:15:02.106] [bmv2] [D] [thread 14826] [12.0] [cxt 0] Deparsing header 'ethernet'
[07:15:02.106] [bmv2] [D] [thread 14826] [12.0] [cxt 0] Deparser 'deparser': end
[07:15:02.106] [bmv2] [D] [thread 14830] [12.0] [cxt 0] Transmitting packet of size 70 out of port 0
[07:15:02.108] [bmv2] [D] [thread 14825] [13.0] [cxt 0] Processing packet received on port 1
[07:15:02.108] [bmv2] [D] [thread 14825] [13.0] [cxt 0] Parser 'parser': start
[07:15:02.109] [bmv2] [D] [thread 14825] [13.0] [cxt 0] Parser 'parser' entering state 'start'
[07:15:02.109] [bmv2] [D] [thread 14825] [13.0] [cxt 0] Extracting header 'ethernet'
[07:15:02.109] [bmv2] [D] [thread 14825] [13.0] [cxt 0] Parser state 'start': key is 86dd
[07:15:02.109] [bmv2] [T] [thread 14825] [13.0] [cxt 0] Bytes parsed: 14
[07:15:02.109] [bmv2] [D] [thread 14825] [13.0] [cxt 0] Parser 'parser': end
[07:15:02.109] [bmv2] [D] [thread 14825] [13.0] [cxt 0] Pipeline 'ingress': start
[07:15:02.110] [bmv2] [T] [thread 14825] [13.0] [cxt 0] Applying table 'MyIngress.check_is_ingress_border'
[07:15:02.110] [bmv2] [D] [thread 14825] [13.0] [cxt 0] Looking up key:
* standard_metadata.ingress_port: 0001

[07:15:02.112] [bmv2] [D] [thread 14825] [13.0] [cxt 0] Table 'MyIngress.check_is_ingress_border': miss
[07:15:02.112] [bmv2] [D] [thread 14825] [13.0] [cxt 0] Action entry is NoAction - 
[07:15:02.112] [bmv2] [T] [thread 14825] [13.0] [cxt 0] Action NoAction
[07:15:02.112] [bmv2] [T] [thread 14825] [13.0] [cxt 0] p4src/p4_pipeline.p4(222) Condition "meta.is_ingress_border == 1" (node_3) is false
[07:15:02.112] [bmv2] [T] [thread 14825] [13.0] [cxt 0] p4src/p4_pipeline.p4(241) Condition "hdr.vpls.isValid()" (node_12) is false
[07:15:02.113] [bmv2] [D] [thread 14825] [13.0] [cxt 0] Pipeline 'ingress': end
[07:15:02.113] [bmv2] [D] [thread 14825] [13.0] [cxt 0] Egress port is 0
[07:15:02.113] [bmv2] [D] [thread 14826] [13.0] [cxt 0] Pipeline 'egress': start
[07:15:02.113] [bmv2] [T] [thread 14826] [13.0] [cxt 0] p4src/p4_pipeline.p4(339) Condition "(standard_metadata.instance_type == 1) || (standard_metadata.instance_type == 2)" (node_24) is false
[07:15:02.113] [bmv2] [T] [thread 14826] [13.0] [cxt 0] p4src/p4_pipeline.p4(355) Condition "!hdr.vpls.isValid()" (node_26) is true
[07:15:02.113] [bmv2] [T] [thread 14826] [13.0] [cxt 0] Applying table 'MyEgress.egress_broadcast_add_vpls'
[07:15:02.113] [bmv2] [D] [thread 14826] [13.0] [cxt 0] Looking up key:
* standard_metadata.mcast_grp : 0000
* standard_metadata.egress_rid: 0000

[07:15:02.113] [bmv2] [D] [thread 14826] [13.0] [cxt 0] Table 'MyEgress.egress_broadcast_add_vpls': miss
[07:15:02.113] [bmv2] [D] [thread 14826] [13.0] [cxt 0] Action entry is NoAction - 
[07:15:02.113] [bmv2] [T] [thread 14826] [13.0] [cxt 0] Action NoAction
[07:15:02.113] [bmv2] [D] [thread 14826] [13.0] [cxt 0] Pipeline 'egress': end
[07:15:02.114] [bmv2] [D] [thread 14826] [13.0] [cxt 0] Deparser 'deparser': start
[07:15:02.114] [bmv2] [T] [thread 14826] [13.0] [cxt 0] Skipping checksum 'cksum' update because condition not met
[07:15:02.114] [bmv2] [D] [thread 14826] [13.0] [cxt 0] Deparsing header 'ethernet'
[07:15:02.114] [bmv2] [D] [thread 14826] [13.0] [cxt 0] Deparser 'deparser': end
[07:15:02.114] [bmv2] [D] [thread 14830] [13.0] [cxt 0] Transmitting packet of size 90 out of port 0
[07:15:02.165] [bmv2] [D] [thread 14825] [14.0] [cxt 0] Processing packet received on port 2
[07:15:02.165] [bmv2] [D] [thread 14825] [14.0] [cxt 0] Parser 'parser': start
[07:15:02.165] [bmv2] [D] [thread 14825] [14.0] [cxt 0] Parser 'parser' entering state 'start'
[07:15:02.165] [bmv2] [D] [thread 14825] [14.0] [cxt 0] Extracting header 'ethernet'
[07:15:02.166] [bmv2] [D] [thread 14825] [14.0] [cxt 0] Parser state 'start': key is 86dd
[07:15:02.166] [bmv2] [T] [thread 14825] [14.0] [cxt 0] Bytes parsed: 14
[07:15:02.166] [bmv2] [D] [thread 14825] [14.0] [cxt 0] Parser 'parser': end
[07:15:02.166] [bmv2] [D] [thread 14825] [14.0] [cxt 0] Pipeline 'ingress': start
[07:15:02.166] [bmv2] [T] [thread 14825] [14.0] [cxt 0] Applying table 'MyIngress.check_is_ingress_border'
[07:15:02.166] [bmv2] [D] [thread 14825] [14.0] [cxt 0] Looking up key:
* standard_metadata.ingress_port: 0002

[07:15:02.166] [bmv2] [D] [thread 14825] [14.0] [cxt 0] Table 'MyIngress.check_is_ingress_border': miss
[07:15:02.166] [bmv2] [D] [thread 14825] [14.0] [cxt 0] Action entry is NoAction - 
[07:15:02.166] [bmv2] [T] [thread 14825] [14.0] [cxt 0] Action NoAction
[07:15:02.166] [bmv2] [T] [thread 14825] [14.0] [cxt 0] p4src/p4_pipeline.p4(222) Condition "meta.is_ingress_border == 1" (node_3) is false
[07:15:02.167] [bmv2] [T] [thread 14825] [14.0] [cxt 0] p4src/p4_pipeline.p4(241) Condition "hdr.vpls.isValid()" (node_12) is false
[07:15:02.167] [bmv2] [D] [thread 14825] [14.0] [cxt 0] Pipeline 'ingress': end
[07:15:02.167] [bmv2] [D] [thread 14825] [14.0] [cxt 0] Egress port is 0
[07:15:02.167] [bmv2] [D] [thread 14826] [14.0] [cxt 0] Pipeline 'egress': start
[07:15:02.167] [bmv2] [T] [thread 14826] [14.0] [cxt 0] p4src/p4_pipeline.p4(339) Condition "(standard_metadata.instance_type == 1) || (standard_metadata.instance_type == 2)" (node_24) is false
[07:15:02.167] [bmv2] [T] [thread 14826] [14.0] [cxt 0] p4src/p4_pipeline.p4(355) Condition "!hdr.vpls.isValid()" (node_26) is true
[07:15:02.167] [bmv2] [T] [thread 14826] [14.0] [cxt 0] Applying table 'MyEgress.egress_broadcast_add_vpls'
[07:15:02.167] [bmv2] [D] [thread 14826] [14.0] [cxt 0] Looking up key:
* standard_metadata.mcast_grp : 0000
* standard_metadata.egress_rid: 0000

[07:15:02.167] [bmv2] [D] [thread 14826] [14.0] [cxt 0] Table 'MyEgress.egress_broadcast_add_vpls': miss
[07:15:02.167] [bmv2] [D] [thread 14826] [14.0] [cxt 0] Action entry is NoAction - 
[07:15:02.167] [bmv2] [T] [thread 14826] [14.0] [cxt 0] Action NoAction
[07:15:02.168] [bmv2] [D] [thread 14826] [14.0] [cxt 0] Pipeline 'egress': end
[07:15:02.168] [bmv2] [D] [thread 14826] [14.0] [cxt 0] Deparser 'deparser': start
[07:15:02.168] [bmv2] [T] [thread 14826] [14.0] [cxt 0] Skipping checksum 'cksum' update because condition not met
[07:15:02.168] [bmv2] [D] [thread 14826] [14.0] [cxt 0] Deparsing header 'ethernet'
[07:15:02.168] [bmv2] [D] [thread 14826] [14.0] [cxt 0] Deparser 'deparser': end
[07:15:02.168] [bmv2] [D] [thread 14830] [14.0] [cxt 0] Transmitting packet of size 90 out of port 0
[07:15:02.229] [bmv2] [D] [thread 14825] [15.0] [cxt 0] Processing packet received on port 4
[07:15:02.229] [bmv2] [D] [thread 14825] [15.0] [cxt 0] Parser 'parser': start
[07:15:02.229] [bmv2] [D] [thread 14825] [15.0] [cxt 0] Parser 'parser' entering state 'start'
[07:15:02.229] [bmv2] [D] [thread 14825] [15.0] [cxt 0] Extracting header 'ethernet'
[07:15:02.229] [bmv2] [D] [thread 14825] [15.0] [cxt 0] Parser state 'start': key is 86dd
[07:15:02.230] [bmv2] [T] [thread 14825] [15.0] [cxt 0] Bytes parsed: 14
[07:15:02.230] [bmv2] [D] [thread 14825] [15.0] [cxt 0] Parser 'parser': end
[07:15:02.230] [bmv2] [D] [thread 14825] [15.0] [cxt 0] Pipeline 'ingress': start
[07:15:02.230] [bmv2] [T] [thread 14825] [15.0] [cxt 0] Applying table 'MyIngress.check_is_ingress_border'
[07:15:02.230] [bmv2] [D] [thread 14825] [15.0] [cxt 0] Looking up key:
* standard_metadata.ingress_port: 0004

[07:15:02.230] [bmv2] [D] [thread 14825] [15.0] [cxt 0] Table 'MyIngress.check_is_ingress_border': miss
[07:15:02.230] [bmv2] [D] [thread 14825] [15.0] [cxt 0] Action entry is NoAction - 
[07:15:02.231] [bmv2] [T] [thread 14825] [15.0] [cxt 0] Action NoAction
[07:15:02.231] [bmv2] [T] [thread 14825] [15.0] [cxt 0] p4src/p4_pipeline.p4(222) Condition "meta.is_ingress_border == 1" (node_3) is false
[07:15:02.231] [bmv2] [T] [thread 14825] [15.0] [cxt 0] p4src/p4_pipeline.p4(241) Condition "hdr.vpls.isValid()" (node_12) is false
[07:15:02.232] [bmv2] [D] [thread 14825] [15.0] [cxt 0] Pipeline 'ingress': end
[07:15:02.232] [bmv2] [D] [thread 14825] [15.0] [cxt 0] Egress port is 0
[07:15:02.232] [bmv2] [D] [thread 14826] [15.0] [cxt 0] Pipeline 'egress': start
[07:15:02.232] [bmv2] [T] [thread 14826] [15.0] [cxt 0] p4src/p4_pipeline.p4(339) Condition "(standard_metadata.instance_type == 1) || (standard_metadata.instance_type == 2)" (node_24) is false
[07:15:02.232] [bmv2] [T] [thread 14826] [15.0] [cxt 0] p4src/p4_pipeline.p4(355) Condition "!hdr.vpls.isValid()" (node_26) is true
[07:15:02.232] [bmv2] [T] [thread 14826] [15.0] [cxt 0] Applying table 'MyEgress.egress_broadcast_add_vpls'
[07:15:02.232] [bmv2] [D] [thread 14826] [15.0] [cxt 0] Looking up key:
* standard_metadata.mcast_grp : 0000
* standard_metadata.egress_rid: 0000

[07:15:02.232] [bmv2] [D] [thread 14826] [15.0] [cxt 0] Table 'MyEgress.egress_broadcast_add_vpls': miss
[07:15:02.233] [bmv2] [D] [thread 14826] [15.0] [cxt 0] Action entry is NoAction - 
[07:15:02.233] [bmv2] [T] [thread 14826] [15.0] [cxt 0] Action NoAction
[07:15:02.233] [bmv2] [D] [thread 14826] [15.0] [cxt 0] Pipeline 'egress': end
[07:15:02.233] [bmv2] [D] [thread 14826] [15.0] [cxt 0] Deparser 'deparser': start
[07:15:02.233] [bmv2] [T] [thread 14826] [15.0] [cxt 0] Skipping checksum 'cksum' update because condition not met
[07:15:02.233] [bmv2] [D] [thread 14826] [15.0] [cxt 0] Deparsing header 'ethernet'
[07:15:02.233] [bmv2] [D] [thread 14826] [15.0] [cxt 0] Deparser 'deparser': end
[07:15:02.233] [bmv2] [D] [thread 14830] [15.0] [cxt 0] Transmitting packet of size 90 out of port 0
[07:15:05.266] [bmv2] [D] [thread 14825] [16.0] [cxt 0] Processing packet received on port 4
[07:15:05.266] [bmv2] [D] [thread 14825] [16.0] [cxt 0] Parser 'parser': start
[07:15:05.266] [bmv2] [D] [thread 14825] [16.0] [cxt 0] Parser 'parser' entering state 'start'
[07:15:05.266] [bmv2] [D] [thread 14825] [16.0] [cxt 0] Extracting header 'ethernet'
[07:15:05.266] [bmv2] [D] [thread 14825] [16.0] [cxt 0] Parser state 'start': key is 86dd
[07:15:05.266] [bmv2] [T] [thread 14825] [16.0] [cxt 0] Bytes parsed: 14
[07:15:05.267] [bmv2] [D] [thread 14825] [16.0] [cxt 0] Parser 'parser': end
[07:15:05.267] [bmv2] [D] [thread 14825] [16.0] [cxt 0] Pipeline 'ingress': start
[07:15:05.267] [bmv2] [T] [thread 14825] [16.0] [cxt 0] Applying table 'MyIngress.check_is_ingress_border'
[07:15:05.267] [bmv2] [D] [thread 14825] [16.0] [cxt 0] Looking up key:
* standard_metadata.ingress_port: 0004

[07:15:05.267] [bmv2] [D] [thread 14825] [16.0] [cxt 0] Table 'MyIngress.check_is_ingress_border': miss
[07:15:05.267] [bmv2] [D] [thread 14825] [16.0] [cxt 0] Action entry is NoAction - 
[07:15:05.268] [bmv2] [T] [thread 14825] [16.0] [cxt 0] Action NoAction
[07:15:05.268] [bmv2] [T] [thread 14825] [16.0] [cxt 0] p4src/p4_pipeline.p4(222) Condition "meta.is_ingress_border == 1" (node_3) is false
[07:15:05.268] [bmv2] [T] [thread 14825] [16.0] [cxt 0] p4src/p4_pipeline.p4(241) Condition "hdr.vpls.isValid()" (node_12) is false
[07:15:05.268] [bmv2] [D] [thread 14825] [16.0] [cxt 0] Pipeline 'ingress': end
[07:15:05.268] [bmv2] [D] [thread 14825] [16.0] [cxt 0] Egress port is 0
[07:15:05.268] [bmv2] [D] [thread 14826] [16.0] [cxt 0] Pipeline 'egress': start
[07:15:05.269] [bmv2] [T] [thread 14826] [16.0] [cxt 0] p4src/p4_pipeline.p4(339) Condition "(standard_metadata.instance_type == 1) || (standard_metadata.instance_type == 2)" (node_24) is false
[07:15:05.269] [bmv2] [T] [thread 14826] [16.0] [cxt 0] p4src/p4_pipeline.p4(355) Condition "!hdr.vpls.isValid()" (node_26) is true
[07:15:05.269] [bmv2] [T] [thread 14826] [16.0] [cxt 0] Applying table 'MyEgress.egress_broadcast_add_vpls'
[07:15:05.269] [bmv2] [D] [thread 14826] [16.0] [cxt 0] Looking up key:
* standard_metadata.mcast_grp : 0000
* standard_metadata.egress_rid: 0000

[07:15:05.269] [bmv2] [D] [thread 14826] [16.0] [cxt 0] Table 'MyEgress.egress_broadcast_add_vpls': miss
[07:15:05.270] [bmv2] [D] [thread 14826] [16.0] [cxt 0] Action entry is NoAction - 
[07:15:05.270] [bmv2] [T] [thread 14826] [16.0] [cxt 0] Action NoAction
[07:15:05.270] [bmv2] [D] [thread 14826] [16.0] [cxt 0] Pipeline 'egress': end
[07:15:05.270] [bmv2] [D] [thread 14826] [16.0] [cxt 0] Deparser 'deparser': start
[07:15:05.270] [bmv2] [T] [thread 14826] [16.0] [cxt 0] Skipping checksum 'cksum' update because condition not met
[07:15:05.270] [bmv2] [D] [thread 14826] [16.0] [cxt 0] Deparsing header 'ethernet'
[07:15:05.270] [bmv2] [D] [thread 14826] [16.0] [cxt 0] Deparser 'deparser': end
[07:15:05.271] [bmv2] [D] [thread 14830] [16.0] [cxt 0] Transmitting packet of size 70 out of port 0
[07:15:05.356] [bmv2] [D] [thread 14825] [17.0] [cxt 0] Processing packet received on port 2
[07:15:05.356] [bmv2] [D] [thread 14825] [17.0] [cxt 0] Parser 'parser': start
[07:15:05.356] [bmv2] [D] [thread 14825] [17.0] [cxt 0] Parser 'parser' entering state 'start'
[07:15:05.356] [bmv2] [D] [thread 14825] [17.0] [cxt 0] Extracting header 'ethernet'
[07:15:05.357] [bmv2] [D] [thread 14825] [17.0] [cxt 0] Parser state 'start': key is 86dd
[07:15:05.357] [bmv2] [T] [thread 14825] [17.0] [cxt 0] Bytes parsed: 14
[07:15:05.357] [bmv2] [D] [thread 14825] [17.0] [cxt 0] Parser 'parser': end
[07:15:05.357] [bmv2] [D] [thread 14825] [17.0] [cxt 0] Pipeline 'ingress': start
[07:15:05.357] [bmv2] [T] [thread 14825] [17.0] [cxt 0] Applying table 'MyIngress.check_is_ingress_border'
[07:15:05.357] [bmv2] [D] [thread 14825] [17.0] [cxt 0] Looking up key:
* standard_metadata.ingress_port: 0002

[07:15:05.358] [bmv2] [D] [thread 14825] [17.0] [cxt 0] Table 'MyIngress.check_is_ingress_border': miss
[07:15:05.358] [bmv2] [D] [thread 14825] [17.0] [cxt 0] Action entry is NoAction - 
[07:15:05.358] [bmv2] [T] [thread 14825] [17.0] [cxt 0] Action NoAction
[07:15:05.358] [bmv2] [T] [thread 14825] [17.0] [cxt 0] p4src/p4_pipeline.p4(222) Condition "meta.is_ingress_border == 1" (node_3) is false
[07:15:05.358] [bmv2] [T] [thread 14825] [17.0] [cxt 0] p4src/p4_pipeline.p4(241) Condition "hdr.vpls.isValid()" (node_12) is false
[07:15:05.359] [bmv2] [D] [thread 14825] [17.0] [cxt 0] Pipeline 'ingress': end
[07:15:05.359] [bmv2] [D] [thread 14825] [17.0] [cxt 0] Egress port is 0
[07:15:05.359] [bmv2] [D] [thread 14826] [17.0] [cxt 0] Pipeline 'egress': start
[07:15:05.359] [bmv2] [T] [thread 14826] [17.0] [cxt 0] p4src/p4_pipeline.p4(339) Condition "(standard_metadata.instance_type == 1) || (standard_metadata.instance_type == 2)" (node_24) is false
[07:15:05.359] [bmv2] [T] [thread 14826] [17.0] [cxt 0] p4src/p4_pipeline.p4(355) Condition "!hdr.vpls.isValid()" (node_26) is true
[07:15:05.360] [bmv2] [T] [thread 14826] [17.0] [cxt 0] Applying table 'MyEgress.egress_broadcast_add_vpls'
[07:15:05.360] [bmv2] [D] [thread 14826] [17.0] [cxt 0] Looking up key:
* standard_metadata.mcast_grp : 0000
* standard_metadata.egress_rid: 0000

[07:15:05.360] [bmv2] [D] [thread 14826] [17.0] [cxt 0] Table 'MyEgress.egress_broadcast_add_vpls': miss
[07:15:05.360] [bmv2] [D] [thread 14826] [17.0] [cxt 0] Action entry is NoAction - 
[07:15:05.361] [bmv2] [T] [thread 14826] [17.0] [cxt 0] Action NoAction
[07:15:05.361] [bmv2] [D] [thread 14826] [17.0] [cxt 0] Pipeline 'egress': end
[07:15:05.361] [bmv2] [D] [thread 14826] [17.0] [cxt 0] Deparser 'deparser': start
[07:15:05.361] [bmv2] [T] [thread 14826] [17.0] [cxt 0] Skipping checksum 'cksum' update because condition not met
[07:15:05.361] [bmv2] [D] [thread 14826] [17.0] [cxt 0] Deparsing header 'ethernet'
[07:15:05.361] [bmv2] [D] [thread 14826] [17.0] [cxt 0] Deparser 'deparser': end
[07:15:05.361] [bmv2] [D] [thread 14830] [17.0] [cxt 0] Transmitting packet of size 70 out of port 0
[07:15:05.380] [bmv2] [D] [thread 14825] [18.0] [cxt 0] Processing packet received on port 1
[07:15:05.381] [bmv2] [D] [thread 14825] [18.0] [cxt 0] Parser 'parser': start
[07:15:05.381] [bmv2] [D] [thread 14825] [18.0] [cxt 0] Parser 'parser' entering state 'start'
[07:15:05.381] [bmv2] [D] [thread 14825] [18.0] [cxt 0] Extracting header 'ethernet'
[07:15:05.381] [bmv2] [D] [thread 14825] [18.0] [cxt 0] Parser state 'start': key is 86dd
[07:15:05.381] [bmv2] [T] [thread 14825] [18.0] [cxt 0] Bytes parsed: 14
[07:15:05.381] [bmv2] [D] [thread 14825] [18.0] [cxt 0] Parser 'parser': end
[07:15:05.381] [bmv2] [D] [thread 14825] [18.0] [cxt 0] Pipeline 'ingress': start
[07:15:05.382] [bmv2] [T] [thread 14825] [18.0] [cxt 0] Applying table 'MyIngress.check_is_ingress_border'
[07:15:05.382] [bmv2] [D] [thread 14825] [18.0] [cxt 0] Looking up key:
* standard_metadata.ingress_port: 0001

[07:15:05.382] [bmv2] [D] [thread 14825] [18.0] [cxt 0] Table 'MyIngress.check_is_ingress_border': miss
[07:15:05.382] [bmv2] [D] [thread 14825] [18.0] [cxt 0] Action entry is NoAction - 
[07:15:05.382] [bmv2] [T] [thread 14825] [18.0] [cxt 0] Action NoAction
[07:15:05.382] [bmv2] [T] [thread 14825] [18.0] [cxt 0] p4src/p4_pipeline.p4(222) Condition "meta.is_ingress_border == 1" (node_3) is false
[07:15:05.382] [bmv2] [T] [thread 14825] [18.0] [cxt 0] p4src/p4_pipeline.p4(241) Condition "hdr.vpls.isValid()" (node_12) is false
[07:15:05.383] [bmv2] [D] [thread 14825] [18.0] [cxt 0] Pipeline 'ingress': end
[07:15:05.383] [bmv2] [D] [thread 14825] [18.0] [cxt 0] Egress port is 0
[07:15:05.383] [bmv2] [D] [thread 14826] [18.0] [cxt 0] Pipeline 'egress': start
[07:15:05.383] [bmv2] [T] [thread 14826] [18.0] [cxt 0] p4src/p4_pipeline.p4(339) Condition "(standard_metadata.instance_type == 1) || (standard_metadata.instance_type == 2)" (node_24) is false
[07:15:05.384] [bmv2] [T] [thread 14826] [18.0] [cxt 0] p4src/p4_pipeline.p4(355) Condition "!hdr.vpls.isValid()" (node_26) is true
[07:15:05.384] [bmv2] [T] [thread 14826] [18.0] [cxt 0] Applying table 'MyEgress.egress_broadcast_add_vpls'
[07:15:05.384] [bmv2] [D] [thread 14826] [18.0] [cxt 0] Looking up key:
* standard_metadata.mcast_grp : 0000
* standard_metadata.egress_rid: 0000

[07:15:05.384] [bmv2] [D] [thread 14826] [18.0] [cxt 0] Table 'MyEgress.egress_broadcast_add_vpls': miss
[07:15:05.384] [bmv2] [D] [thread 14826] [18.0] [cxt 0] Action entry is NoAction - 
[07:15:05.384] [bmv2] [T] [thread 14826] [18.0] [cxt 0] Action NoAction
[07:15:05.385] [bmv2] [D] [thread 14826] [18.0] [cxt 0] Pipeline 'egress': end
[07:15:05.385] [bmv2] [D] [thread 14826] [18.0] [cxt 0] Deparser 'deparser': start
[07:15:05.385] [bmv2] [T] [thread 14826] [18.0] [cxt 0] Skipping checksum 'cksum' update because condition not met
[07:15:05.385] [bmv2] [D] [thread 14826] [18.0] [cxt 0] Deparsing header 'ethernet'
[07:15:05.385] [bmv2] [D] [thread 14826] [18.0] [cxt 0] Deparser 'deparser': end
[07:15:05.385] [bmv2] [D] [thread 14830] [18.0] [cxt 0] Transmitting packet of size 70 out of port 0
[07:15:05.407] [bmv2] [D] [thread 14825] [19.0] [cxt 0] Processing packet received on port 4
[07:15:05.407] [bmv2] [D] [thread 14825] [19.0] [cxt 0] Parser 'parser': start
[07:15:05.407] [bmv2] [D] [thread 14825] [19.0] [cxt 0] Parser 'parser' entering state 'start'
[07:15:05.407] [bmv2] [D] [thread 14825] [19.0] [cxt 0] Extracting header 'ethernet'
[07:15:05.407] [bmv2] [D] [thread 14825] [19.0] [cxt 0] Parser state 'start': key is 86dd
[07:15:05.407] [bmv2] [T] [thread 14825] [19.0] [cxt 0] Bytes parsed: 14
[07:15:05.407] [bmv2] [D] [thread 14825] [19.0] [cxt 0] Parser 'parser': end
[07:15:05.408] [bmv2] [D] [thread 14825] [19.0] [cxt 0] Pipeline 'ingress': start
[07:15:05.408] [bmv2] [T] [thread 14825] [19.0] [cxt 0] Applying table 'MyIngress.check_is_ingress_border'
[07:15:05.408] [bmv2] [D] [thread 14825] [19.0] [cxt 0] Looking up key:
* standard_metadata.ingress_port: 0004

[07:15:05.408] [bmv2] [D] [thread 14825] [19.0] [cxt 0] Table 'MyIngress.check_is_ingress_border': miss
[07:15:05.408] [bmv2] [D] [thread 14825] [19.0] [cxt 0] Action entry is NoAction - 
[07:15:05.408] [bmv2] [T] [thread 14825] [19.0] [cxt 0] Action NoAction
[07:15:05.408] [bmv2] [T] [thread 14825] [19.0] [cxt 0] p4src/p4_pipeline.p4(222) Condition "meta.is_ingress_border == 1" (node_3) is false
[07:15:05.408] [bmv2] [T] [thread 14825] [19.0] [cxt 0] p4src/p4_pipeline.p4(241) Condition "hdr.vpls.isValid()" (node_12) is false
[07:15:05.408] [bmv2] [D] [thread 14825] [19.0] [cxt 0] Pipeline 'ingress': end
[07:15:05.408] [bmv2] [D] [thread 14825] [19.0] [cxt 0] Egress port is 0
[07:15:05.409] [bmv2] [D] [thread 14826] [19.0] [cxt 0] Pipeline 'egress': start
[07:15:05.409] [bmv2] [T] [thread 14826] [19.0] [cxt 0] p4src/p4_pipeline.p4(339) Condition "(standard_metadata.instance_type == 1) || (standard_metadata.instance_type == 2)" (node_24) is false
[07:15:05.409] [bmv2] [T] [thread 14826] [19.0] [cxt 0] p4src/p4_pipeline.p4(355) Condition "!hdr.vpls.isValid()" (node_26) is true
[07:15:05.409] [bmv2] [T] [thread 14826] [19.0] [cxt 0] Applying table 'MyEgress.egress_broadcast_add_vpls'
[07:15:05.413] [bmv2] [D] [thread 14826] [19.0] [cxt 0] Looking up key:
* standard_metadata.mcast_grp : 0000
* standard_metadata.egress_rid: 0000

[07:15:05.413] [bmv2] [D] [thread 14826] [19.0] [cxt 0] Table 'MyEgress.egress_broadcast_add_vpls': miss
[07:15:05.413] [bmv2] [D] [thread 14826] [19.0] [cxt 0] Action entry is NoAction - 
[07:15:05.414] [bmv2] [T] [thread 14826] [19.0] [cxt 0] Action NoAction
[07:15:05.414] [bmv2] [D] [thread 14826] [19.0] [cxt 0] Pipeline 'egress': end
[07:15:05.414] [bmv2] [D] [thread 14826] [19.0] [cxt 0] Deparser 'deparser': start
[07:15:05.414] [bmv2] [T] [thread 14826] [19.0] [cxt 0] Skipping checksum 'cksum' update because condition not met
[07:15:05.414] [bmv2] [D] [thread 14826] [19.0] [cxt 0] Deparsing header 'ethernet'
[07:15:05.414] [bmv2] [D] [thread 14826] [19.0] [cxt 0] Deparser 'deparser': end
[07:15:05.414] [bmv2] [D] [thread 14830] [19.0] [cxt 0] Transmitting packet of size 70 out of port 0
[07:15:19.022] [bmv2] [T] [thread 15036] bm_get_config
[07:15:19.024] [bmv2] [T] [thread 15036] bm_mt_get_entries
[07:15:19.024] [bmv2] [T] [thread 15036] bm_mt_get_entries
[07:15:19.024] [bmv2] [T] [thread 15036] bm_mt_get_entries
[07:15:19.024] [bmv2] [T] [thread 15036] bm_mt_get_entries
[07:15:19.024] [bmv2] [T] [thread 15036] bm_mt_get_entries
[07:15:19.024] [bmv2] [T] [thread 15036] bm_mt_get_entries
[07:15:19.025] [bmv2] [T] [thread 15036] bm_mt_get_entries
[07:15:19.025] [bmv2] [T] [thread 15036] bm_mt_get_entries
[07:15:19.025] [bmv2] [T] [thread 15036] bm_mt_get_entries
[07:15:19.025] [bmv2] [T] [thread 15036] bm_mt_get_entries
[07:15:19.025] [bmv2] [T] [thread 15036] bm_mt_get_entries
[07:15:19.025] [bmv2] [T] [thread 15036] bm_mt_get_entries
[07:15:19.026] [bmv2] [T] [thread 15036] bm_mt_get_entries
[07:15:19.026] [bmv2] [T] [thread 15036] bm_mt_get_entries
[07:15:19.026] [bmv2] [T] [thread 15036] bm_mt_get_entries
[07:15:19.026] [bmv2] [T] [thread 15036] bm_mt_get_entries
[07:15:19.026] [bmv2] [T] [thread 15036] bm_mt_get_entries
[07:15:19.027] [bmv2] [T] [thread 15036] bm_mt_get_entries
[07:15:19.027] [bmv2] [T] [thread 15036] bm_mt_get_entries
[07:15:19.027] [bmv2] [T] [thread 15036] bm_mt_get_entries
[07:15:19.027] [bmv2] [T] [thread 15036] bm_mt_get_entries
[07:15:19.027] [bmv2] [T] [thread 15036] bm_mt_get_entries
[07:15:19.061] [bmv2] [T] [thread 15036] bm_reset_state
[07:15:19.067] [bmv2] [D] [thread 15036] Resetting simple_switch target-specific state
[07:15:19.068] [bmv2] [D] [thread 15036] resetting PRE state
[07:15:19.091] [bmv2] [T] [thread 15041] mirroring_sesssion_add
[07:15:19.102] [bmv2] [T] [thread 15036] bm_table_add_entry
[07:15:19.102] [bmv2] [D] [thread 15036] Entry 0 added to table 'MyIngress.vpls_tbl'
[07:15:19.102] [bmv2] [D] [thread 15036] Dumping entry 0
Match key:
* hdr.vpls.tunnel_id            : EXACT     00000002
* standard_metadata.ingress_port: EXACT     0001
Action entry: MyIngress.vpls_forward - 3,

[07:15:19.102] [bmv2] [T] [thread 15036] bm_table_add_entry
[07:15:19.103] [bmv2] [D] [thread 15036] Entry 1 added to table 'MyIngress.vpls_tbl'
[07:15:19.103] [bmv2] [D] [thread 15036] Dumping entry 1
Match key:
* hdr.vpls.tunnel_id            : EXACT     00000002
* standard_metadata.ingress_port: EXACT     0003
Action entry: MyIngress.vpls_forward - 1,

[07:15:19.105] [bmv2] [T] [thread 15036] bm_table_add_entry
[07:15:19.105] [bmv2] [D] [thread 15036] Entry 2 added to table 'MyIngress.vpls_tbl'
[07:15:19.105] [bmv2] [D] [thread 15036] Dumping entry 2
Match key:
* hdr.vpls.tunnel_id            : EXACT     00000004
* standard_metadata.ingress_port: EXACT     0001
Action entry: MyIngress.vpls_forward - 2,

[07:15:19.105] [bmv2] [T] [thread 15036] bm_table_add_entry
[07:15:19.105] [bmv2] [D] [thread 15036] Entry 3 added to table 'MyIngress.vpls_tbl'
[07:15:19.105] [bmv2] [D] [thread 15036] Dumping entry 3
Match key:
* hdr.vpls.tunnel_id            : EXACT     00000004
* standard_metadata.ingress_port: EXACT     0002
Action entry: MyIngress.vpls_forward - 1,

[07:15:19.138] [bmv2] [T] [thread 15036] bm_table_add_entry
[07:15:19.139] [bmv2] [D] [thread 15036] Entry 4 added to table 'MyIngress.vpls_tbl'
[07:15:19.139] [bmv2] [D] [thread 15036] Dumping entry 4
Match key:
* hdr.vpls.tunnel_id            : EXACT     00000006
* standard_metadata.ingress_port: EXACT     0003
Action entry: MyIngress.vpls_forward - 2,

[07:15:19.139] [bmv2] [T] [thread 15036] bm_table_add_entry
[07:15:19.139] [bmv2] [D] [thread 15036] Entry 5 added to table 'MyIngress.vpls_tbl'
[07:15:19.139] [bmv2] [D] [thread 15036] Dumping entry 5
Match key:
* hdr.vpls.tunnel_id            : EXACT     00000006
* standard_metadata.ingress_port: EXACT     0002
Action entry: MyIngress.vpls_forward - 3,

[07:15:19.205] [bmv2] [T] [thread 15047] bm_get_config
[07:15:19.208] [bmv2] [T] [thread 15047] bm_mt_get_entries
[07:15:19.208] [bmv2] [T] [thread 15047] bm_mt_get_entries
[07:15:19.208] [bmv2] [T] [thread 15047] bm_mt_get_entries
[07:15:19.209] [bmv2] [T] [thread 15047] bm_mt_get_entries
[07:15:19.209] [bmv2] [T] [thread 15047] bm_mt_get_entries
[07:15:19.209] [bmv2] [T] [thread 15047] bm_mt_get_entries
[07:15:19.209] [bmv2] [T] [thread 15047] bm_mt_get_entries
[07:15:19.210] [bmv2] [T] [thread 15047] bm_mt_get_entries
[07:15:19.210] [bmv2] [T] [thread 15047] bm_mt_get_entries
[07:15:19.210] [bmv2] [T] [thread 15047] bm_mt_get_entries
[07:15:19.211] [bmv2] [T] [thread 15047] bm_mt_get_entries
[07:15:19.211] [bmv2] [T] [thread 15047] bm_mt_get_entries
[07:15:19.211] [bmv2] [T] [thread 15047] bm_mt_get_entries
[07:15:19.212] [bmv2] [T] [thread 15047] bm_mt_get_entries
[07:15:19.212] [bmv2] [T] [thread 15047] bm_mt_get_entries
[07:15:19.212] [bmv2] [T] [thread 15047] bm_mt_get_entries
[07:15:19.213] [bmv2] [T] [thread 15047] bm_mt_get_entries
[07:15:19.213] [bmv2] [T] [thread 15047] bm_mt_get_entries
[07:15:19.213] [bmv2] [T] [thread 15047] bm_mt_get_entries
[07:15:19.213] [bmv2] [T] [thread 15047] bm_mt_get_entries
[07:15:19.214] [bmv2] [T] [thread 15047] bm_mt_get_entries
[07:15:19.215] [bmv2] [T] [thread 15047] bm_mt_get_entries
[07:16:13.009] [bmv2] [D] [thread 14825] [20.0] [cxt 0] Processing packet received on port 1
[07:16:13.009] [bmv2] [D] [thread 14825] [20.0] [cxt 0] Parser 'parser': start
[07:16:13.009] [bmv2] [D] [thread 14825] [20.0] [cxt 0] Parser 'parser' entering state 'start'
[07:16:13.009] [bmv2] [D] [thread 14825] [20.0] [cxt 0] Extracting header 'ethernet'
[07:16:13.009] [bmv2] [D] [thread 14825] [20.0] [cxt 0] Parser state 'start': key is 0100
[07:16:13.010] [bmv2] [T] [thread 14825] [20.0] [cxt 0] Bytes parsed: 14
[07:16:13.010] [bmv2] [D] [thread 14825] [20.0] [cxt 0] Parser 'parser' entering state 'parse_vpls'
[07:16:13.010] [bmv2] [D] [thread 14825] [20.0] [cxt 0] Extracting header 'vpls'
[07:16:13.010] [bmv2] [D] [thread 14825] [20.0] [cxt 0] Extracting header 'in_ethernet'
[07:16:13.010] [bmv2] [D] [thread 14825] [20.0] [cxt 0] Parser state 'parse_vpls': key is 0806
[07:16:13.010] [bmv2] [T] [thread 14825] [20.0] [cxt 0] Bytes parsed: 36
[07:16:13.010] [bmv2] [D] [thread 14825] [20.0] [cxt 0] Parser 'parser': end
[07:16:13.010] [bmv2] [D] [thread 14825] [20.0] [cxt 0] Pipeline 'ingress': start
[07:16:13.010] [bmv2] [T] [thread 14825] [20.0] [cxt 0] Applying table 'MyIngress.check_is_ingress_border'
[07:16:13.011] [bmv2] [D] [thread 14825] [20.0] [cxt 0] Looking up key:
* standard_metadata.ingress_port: 0001

[07:16:13.011] [bmv2] [D] [thread 14825] [20.0] [cxt 0] Table 'MyIngress.check_is_ingress_border': miss
[07:16:13.011] [bmv2] [D] [thread 14825] [20.0] [cxt 0] Action entry is NoAction - 
[07:16:13.011] [bmv2] [T] [thread 14825] [20.0] [cxt 0] Action NoAction
[07:16:13.011] [bmv2] [T] [thread 14825] [20.0] [cxt 0] p4src/p4_pipeline.p4(222) Condition "meta.is_ingress_border == 1" (node_3) is false
[07:16:13.011] [bmv2] [T] [thread 14825] [20.0] [cxt 0] p4src/p4_pipeline.p4(241) Condition "hdr.vpls.isValid()" (node_12) is true
[07:16:13.011] [bmv2] [T] [thread 14825] [20.0] [cxt 0] Applying table 'MyIngress.vpls_tbl'
[07:16:13.011] [bmv2] [D] [thread 14825] [20.0] [cxt 0] Looking up key:
* hdr.vpls.tunnel_id            : 00000002
* standard_metadata.ingress_port: 0001

[07:16:13.012] [bmv2] [D] [thread 14825] [20.0] [cxt 0] Table 'MyIngress.vpls_tbl': hit with handle 0
[07:16:13.012] [bmv2] [D] [thread 14825] [20.0] [cxt 0] Dumping entry 0
Match key:
* hdr.vpls.tunnel_id            : EXACT     00000002
* standard_metadata.ingress_port: EXACT     0001
Action entry: MyIngress.vpls_forward - 3,

[07:16:13.012] [bmv2] [D] [thread 14825] [20.0] [cxt 0] Action entry is MyIngress.vpls_forward - 3,
[07:16:13.012] [bmv2] [T] [thread 14825] [20.0] [cxt 0] Action MyIngress.vpls_forward
[07:16:13.012] [bmv2] [T] [thread 14825] [20.0] [cxt 0] p4src/p4_pipeline.p4(135) Primitive standard_metadata.egress_spec = port
[07:16:13.012] [bmv2] [T] [thread 14825] [20.0] [cxt 0] Applying table 'tbl_act_1'
[07:16:13.013] [bmv2] [D] [thread 14825] [20.0] [cxt 0] Looking up key:

[07:16:13.013] [bmv2] [D] [thread 14825] [20.0] [cxt 0] Table 'tbl_act_1': miss
[07:16:13.013] [bmv2] [D] [thread 14825] [20.0] [cxt 0] Action entry is act_1 - 
[07:16:13.013] [bmv2] [T] [thread 14825] [20.0] [cxt 0] Action act_1
[07:16:13.013] [bmv2] [T] [thread 14825] [20.0] [cxt 0] Primitive (no source info)
[07:16:13.013] [bmv2] [T] [thread 14825] [20.0] [cxt 0] Condition "node_16" (node_16) is true
[07:16:13.013] [bmv2] [D] [thread 14825] [20.0] [cxt 0] Pipeline 'ingress': end
[07:16:13.014] [bmv2] [D] [thread 14825] [20.0] [cxt 0] Egress port is 3
[07:16:13.014] [bmv2] [D] [thread 14829] [20.0] [cxt 0] Pipeline 'egress': start
[07:16:13.014] [bmv2] [T] [thread 14829] [20.0] [cxt 0] p4src/p4_pipeline.p4(339) Condition "(standard_metadata.instance_type == 1) || (standard_metadata.instance_type == 2)" (node_24) is false
[07:16:13.014] [bmv2] [T] [thread 14829] [20.0] [cxt 0] p4src/p4_pipeline.p4(355) Condition "!hdr.vpls.isValid()" (node_26) is false
[07:16:13.014] [bmv2] [T] [thread 14829] [20.0] [cxt 0] Applying table 'MyEgress.check_is_egress_border'
[07:16:13.015] [bmv2] [D] [thread 14829] [20.0] [cxt 0] Looking up key:
* standard_metadata.egress_port: 0003

[07:16:13.015] [bmv2] [D] [thread 14829] [20.0] [cxt 0] Table 'MyEgress.check_is_egress_border': miss
[07:16:13.015] [bmv2] [D] [thread 14829] [20.0] [cxt 0] Action entry is NoAction - 
[07:16:13.015] [bmv2] [T] [thread 14829] [20.0] [cxt 0] Action NoAction
[07:16:13.015] [bmv2] [T] [thread 14829] [20.0] [cxt 0] Applying table 'tbl_act_6'
[07:16:13.015] [bmv2] [D] [thread 14829] [20.0] [cxt 0] Looking up key:

[07:16:13.015] [bmv2] [D] [thread 14829] [20.0] [cxt 0] Table 'tbl_act_6': miss
[07:16:13.016] [bmv2] [D] [thread 14829] [20.0] [cxt 0] Action entry is act_6 - 
[07:16:13.016] [bmv2] [T] [thread 14829] [20.0] [cxt 0] Action act_6
[07:16:13.016] [bmv2] [T] [thread 14829] [20.0] [cxt 0] Primitive (no source info)
[07:16:13.016] [bmv2] [T] [thread 14829] [20.0] [cxt 0] Condition "node_31" (node_31) is false
[07:16:13.016] [bmv2] [D] [thread 14829] [20.0] [cxt 0] Pipeline 'egress': end
[07:16:13.017] [bmv2] [D] [thread 14829] [20.0] [cxt 0] Deparser 'deparser': start
[07:16:13.017] [bmv2] [T] [thread 14829] [20.0] [cxt 0] Skipping checksum 'cksum' update because condition not met
[07:16:13.017] [bmv2] [D] [thread 14829] [20.0] [cxt 0] Deparsing header 'ethernet'
[07:16:13.017] [bmv2] [D] [thread 14829] [20.0] [cxt 0] Deparsing header 'vpls'
[07:16:13.017] [bmv2] [D] [thread 14829] [20.0] [cxt 0] Deparsing header 'in_ethernet'
[07:16:13.018] [bmv2] [D] [thread 14829] [20.0] [cxt 0] Deparser 'deparser': end
[07:16:13.018] [bmv2] [D] [thread 14830] [20.0] [cxt 0] Transmitting packet of size 64 out of port 3
[07:16:13.018] [bmv2] [D] [thread 14825] [21.0] [cxt 0] Processing packet received on port 1
[07:16:13.018] [bmv2] [D] [thread 14825] [21.0] [cxt 0] Parser 'parser': start
[07:16:13.018] [bmv2] [D] [thread 14825] [21.0] [cxt 0] Parser 'parser' entering state 'start'
[07:16:13.019] [bmv2] [D] [thread 14825] [21.0] [cxt 0] Extracting header 'ethernet'
[07:16:13.019] [bmv2] [D] [thread 14825] [21.0] [cxt 0] Parser state 'start': key is 0100
[07:16:13.019] [bmv2] [T] [thread 14825] [21.0] [cxt 0] Bytes parsed: 14
[07:16:13.020] [bmv2] [D] [thread 14825] [21.0] [cxt 0] Parser 'parser' entering state 'parse_vpls'
[07:16:13.020] [bmv2] [D] [thread 14825] [21.0] [cxt 0] Extracting header 'vpls'
[07:16:13.020] [bmv2] [D] [thread 14825] [21.0] [cxt 0] Extracting header 'in_ethernet'
[07:16:13.021] [bmv2] [D] [thread 14825] [21.0] [cxt 0] Parser state 'parse_vpls': key is 0806
[07:16:13.021] [bmv2] [T] [thread 14825] [21.0] [cxt 0] Bytes parsed: 36
[07:16:13.021] [bmv2] [D] [thread 14825] [21.0] [cxt 0] Parser 'parser': end
[07:16:13.021] [bmv2] [D] [thread 14825] [21.0] [cxt 0] Pipeline 'ingress': start
[07:16:13.021] [bmv2] [T] [thread 14825] [21.0] [cxt 0] Applying table 'MyIngress.check_is_ingress_border'
[07:16:13.021] [bmv2] [D] [thread 14825] [21.0] [cxt 0] Looking up key:
* standard_metadata.ingress_port: 0001

[07:16:13.022] [bmv2] [D] [thread 14825] [21.0] [cxt 0] Table 'MyIngress.check_is_ingress_border': miss
[07:16:13.022] [bmv2] [D] [thread 14825] [21.0] [cxt 0] Action entry is NoAction - 
[07:16:13.022] [bmv2] [T] [thread 14825] [21.0] [cxt 0] Action NoAction
[07:16:13.022] [bmv2] [T] [thread 14825] [21.0] [cxt 0] p4src/p4_pipeline.p4(222) Condition "meta.is_ingress_border == 1" (node_3) is false
[07:16:13.022] [bmv2] [T] [thread 14825] [21.0] [cxt 0] p4src/p4_pipeline.p4(241) Condition "hdr.vpls.isValid()" (node_12) is true
[07:16:13.022] [bmv2] [T] [thread 14825] [21.0] [cxt 0] Applying table 'MyIngress.vpls_tbl'
[07:16:13.022] [bmv2] [D] [thread 14825] [21.0] [cxt 0] Looking up key:
* hdr.vpls.tunnel_id            : 00000004
* standard_metadata.ingress_port: 0001

[07:16:13.022] [bmv2] [D] [thread 14825] [21.0] [cxt 0] Table 'MyIngress.vpls_tbl': hit with handle 2
[07:16:13.022] [bmv2] [D] [thread 14825] [21.0] [cxt 0] Dumping entry 2
Match key:
* hdr.vpls.tunnel_id            : EXACT     00000004
* standard_metadata.ingress_port: EXACT     0001
Action entry: MyIngress.vpls_forward - 2,

[07:16:13.022] [bmv2] [D] [thread 14825] [21.0] [cxt 0] Action entry is MyIngress.vpls_forward - 2,
[07:16:13.022] [bmv2] [T] [thread 14825] [21.0] [cxt 0] Action MyIngress.vpls_forward
[07:16:13.023] [bmv2] [T] [thread 14825] [21.0] [cxt 0] p4src/p4_pipeline.p4(135) Primitive standard_metadata.egress_spec = port
[07:16:13.023] [bmv2] [T] [thread 14825] [21.0] [cxt 0] Applying table 'tbl_act_1'
[07:16:13.023] [bmv2] [D] [thread 14825] [21.0] [cxt 0] Looking up key:

[07:16:13.023] [bmv2] [D] [thread 14825] [21.0] [cxt 0] Table 'tbl_act_1': miss
[07:16:13.023] [bmv2] [D] [thread 14825] [21.0] [cxt 0] Action entry is act_1 - 
[07:16:13.023] [bmv2] [T] [thread 14825] [21.0] [cxt 0] Action act_1
[07:16:13.023] [bmv2] [T] [thread 14825] [21.0] [cxt 0] Primitive (no source info)
[07:16:13.023] [bmv2] [T] [thread 14825] [21.0] [cxt 0] Condition "node_16" (node_16) is true
[07:16:13.023] [bmv2] [D] [thread 14825] [21.0] [cxt 0] Pipeline 'ingress': end
[07:16:13.023] [bmv2] [D] [thread 14825] [21.0] [cxt 0] Egress port is 2
[07:16:13.023] [bmv2] [D] [thread 14828] [21.0] [cxt 0] Pipeline 'egress': start
[07:16:13.024] [bmv2] [T] [thread 14828] [21.0] [cxt 0] p4src/p4_pipeline.p4(339) Condition "(standard_metadata.instance_type == 1) || (standard_metadata.instance_type == 2)" (node_24) is false
[07:16:13.024] [bmv2] [T] [thread 14828] [21.0] [cxt 0] p4src/p4_pipeline.p4(355) Condition "!hdr.vpls.isValid()" (node_26) is false
[07:16:13.024] [bmv2] [T] [thread 14828] [21.0] [cxt 0] Applying table 'MyEgress.check_is_egress_border'
[07:16:13.024] [bmv2] [D] [thread 14828] [21.0] [cxt 0] Looking up key:
* standard_metadata.egress_port: 0002

[07:16:13.024] [bmv2] [D] [thread 14828] [21.0] [cxt 0] Table 'MyEgress.check_is_egress_border': miss
[07:16:13.024] [bmv2] [D] [thread 14828] [21.0] [cxt 0] Action entry is NoAction - 
[07:16:13.024] [bmv2] [T] [thread 14828] [21.0] [cxt 0] Action NoAction
[07:16:13.024] [bmv2] [T] [thread 14828] [21.0] [cxt 0] Applying table 'tbl_act_6'
[07:16:13.024] [bmv2] [D] [thread 14828] [21.0] [cxt 0] Looking up key:

[07:16:13.024] [bmv2] [D] [thread 14828] [21.0] [cxt 0] Table 'tbl_act_6': miss
[07:16:13.025] [bmv2] [D] [thread 14828] [21.0] [cxt 0] Action entry is act_6 - 
[07:16:13.025] [bmv2] [T] [thread 14828] [21.0] [cxt 0] Action act_6
[07:16:13.025] [bmv2] [T] [thread 14828] [21.0] [cxt 0] Primitive (no source info)
[07:16:13.025] [bmv2] [T] [thread 14828] [21.0] [cxt 0] Condition "node_31" (node_31) is false
[07:16:13.025] [bmv2] [D] [thread 14828] [21.0] [cxt 0] Pipeline 'egress': end
[07:16:13.025] [bmv2] [D] [thread 14828] [21.0] [cxt 0] Deparser 'deparser': start
[07:16:13.025] [bmv2] [T] [thread 14828] [21.0] [cxt 0] Skipping checksum 'cksum' update because condition not met
[07:16:13.025] [bmv2] [D] [thread 14828] [21.0] [cxt 0] Deparsing header 'ethernet'
[07:16:13.026] [bmv2] [D] [thread 14828] [21.0] [cxt 0] Deparsing header 'vpls'
[07:16:13.026] [bmv2] [D] [thread 14828] [21.0] [cxt 0] Deparsing header 'in_ethernet'
[07:16:13.026] [bmv2] [D] [thread 14828] [21.0] [cxt 0] Deparser 'deparser': end
[07:16:13.026] [bmv2] [D] [thread 14830] [21.0] [cxt 0] Transmitting packet of size 64 out of port 2
