Warning: you requested the nanomsg event logger, but bmv2 was compiled without -DBMELOG, and the event logger cannot be activated
Calling target program-options parser
[07:15:03.393] [bmv2] [D] [thread 14847] Set default default entry for table 'MyIngress.check_is_ingress_border': NoAction - 
[07:15:03.393] [bmv2] [D] [thread 14847] Set default default entry for table 'MyIngress.smac': MyIngress.mac_learn - 
[07:15:03.394] [bmv2] [D] [thread 14847] Set default default entry for table 'MyIngress.addr_to_label': NoAction - 
[07:15:03.394] [bmv2] [D] [thread 14847] Set default default entry for table 'MyIngress.ecmp_group_to_label': NoAction - 
[07:15:03.394] [bmv2] [D] [thread 14847] Set default default entry for table 'MyIngress.dmac': NoAction - 
[07:15:03.394] [bmv2] [D] [thread 14847] Set default default entry for table 'tbl_act': act - 
[07:15:03.395] [bmv2] [D] [thread 14847] Set default default entry for table 'tbl_act_0': act_0 - 
[07:15:03.395] [bmv2] [D] [thread 14847] Set default default entry for table 'MyIngress.add_mcast_grp': NoAction - 
[07:15:03.395] [bmv2] [D] [thread 14847] Set default default entry for table 'MyIngress.vpls_tbl': MyIngress.drop - 
[07:15:03.395] [bmv2] [D] [thread 14847] Set default default entry for table 'tbl_act_1': act_1 - 
[07:15:03.395] [bmv2] [D] [thread 14847] Set default default entry for table 'tbl_act_2': act_2 - 
[07:15:03.395] [bmv2] [D] [thread 14847] Set default default entry for table 'MyIngress.vpls_dmac': MyIngress.drop - 
[07:15:03.396] [bmv2] [D] [thread 14847] Set default default entry for table 'tbl_act_3': act_3 - 
[07:15:03.396] [bmv2] [D] [thread 14847] Set default default entry for table 'tbl_act_4': act_4 - 
[07:15:03.396] [bmv2] [D] [thread 14847] Set default default entry for table 'MyIngress.vpls_dmac_broadcast': NoAction - 
[07:15:03.397] [bmv2] [D] [thread 14847] Set default default entry for table 'tbl_p4_pipeline342': p4_pipeline342 - 
[07:15:03.397] [bmv2] [D] [thread 14847] Set default default entry for table 'MyEgress.egress_broadcast_add_vpls': NoAction - 
[07:15:03.397] [bmv2] [D] [thread 14847] Set default default entry for table 'MyEgress.check_is_egress_border': NoAction - 
[07:15:03.397] [bmv2] [D] [thread 14847] Set default default entry for table 'tbl_act_5': act_5 - 
[07:15:03.398] [bmv2] [D] [thread 14847] Set default default entry for table 'tbl_act_6': act_6 - 
[07:15:03.398] [bmv2] [D] [thread 14847] Set default default entry for table 'MyEgress.vpls_learn_tbl': MyEgress.vpls_learn - 
[07:15:03.398] [bmv2] [D] [thread 14847] Set default default entry for table 'tbl_p4_pipeline364': p4_pipeline364 - 
Adding interface s4-eth1 as port 1
[07:15:03.403] [bmv2] [D] [thread 14847] Adding interface s4-eth1 as port 1
Adding interface s4-eth2 as port 2
[07:15:03.436] [bmv2] [D] [thread 14847] Adding interface s4-eth2 as port 2
Adding interface s4-eth3 as port 3
[07:15:03.456] [bmv2] [D] [thread 14847] Adding interface s4-eth3 as port 3
Adding interface s4-eth4 as port 4
[07:15:03.485] [bmv2] [D] [thread 14847] Adding interface s4-eth4 as port 4
Adding interface s4-cpu-eth0 as port 5
[07:15:03.512] [bmv2] [D] [thread 14847] Adding interface s4-cpu-eth0 as port 5
[07:15:03.549] [bmv2] [I] [thread 14847] Starting Thrift server on port 9093
[07:15:03.549] [bmv2] [I] [thread 14847] Thrift server was started
[07:15:05.143] [bmv2] [D] [thread 14853] [0.0] [cxt 0] Processing packet received on port 2
[07:15:05.143] [bmv2] [D] [thread 14853] [0.0] [cxt 0] Parser 'parser': start
[07:15:05.143] [bmv2] [D] [thread 14853] [0.0] [cxt 0] Parser 'parser' entering state 'start'
[07:15:05.143] [bmv2] [D] [thread 14853] [0.0] [cxt 0] Extracting header 'ethernet'
[07:15:05.144] [bmv2] [D] [thread 14853] [0.0] [cxt 0] Parser state 'start': key is 86dd
[07:15:05.144] [bmv2] [T] [thread 14853] [0.0] [cxt 0] Bytes parsed: 14
[07:15:05.144] [bmv2] [D] [thread 14853] [0.0] [cxt 0] Parser 'parser': end
[07:15:05.144] [bmv2] [D] [thread 14853] [0.0] [cxt 0] Pipeline 'ingress': start
[07:15:05.144] [bmv2] [T] [thread 14853] [0.0] [cxt 0] Applying table 'MyIngress.check_is_ingress_border'
[07:15:05.144] [bmv2] [D] [thread 14853] [0.0] [cxt 0] Looking up key:
* standard_metadata.ingress_port: 0002

[07:15:05.145] [bmv2] [D] [thread 14853] [0.0] [cxt 0] Table 'MyIngress.check_is_ingress_border': miss
[07:15:05.145] [bmv2] [D] [thread 14853] [0.0] [cxt 0] Action entry is NoAction - 
[07:15:05.145] [bmv2] [T] [thread 14853] [0.0] [cxt 0] Action NoAction
[07:15:05.145] [bmv2] [T] [thread 14853] [0.0] [cxt 0] p4src/p4_pipeline.p4(222) Condition "meta.is_ingress_border == 1" (node_3) is false
[07:15:05.145] [bmv2] [T] [thread 14853] [0.0] [cxt 0] p4src/p4_pipeline.p4(241) Condition "hdr.vpls.isValid()" (node_12) is false
[07:15:05.145] [bmv2] [D] [thread 14853] [0.0] [cxt 0] Pipeline 'ingress': end
[07:15:05.146] [bmv2] [D] [thread 14853] [0.0] [cxt 0] Egress port is 0
[07:15:05.146] [bmv2] [D] [thread 14854] [0.0] [cxt 0] Pipeline 'egress': start
[07:15:05.146] [bmv2] [T] [thread 14854] [0.0] [cxt 0] p4src/p4_pipeline.p4(339) Condition "(standard_metadata.instance_type == 1) || (standard_metadata.instance_type == 2)" (node_24) is false
[07:15:05.146] [bmv2] [T] [thread 14854] [0.0] [cxt 0] p4src/p4_pipeline.p4(355) Condition "!hdr.vpls.isValid()" (node_26) is true
[07:15:05.146] [bmv2] [T] [thread 14854] [0.0] [cxt 0] Applying table 'MyEgress.egress_broadcast_add_vpls'
[07:15:05.146] [bmv2] [D] [thread 14854] [0.0] [cxt 0] Looking up key:
* standard_metadata.mcast_grp : 0000
* standard_metadata.egress_rid: 0000

[07:15:05.146] [bmv2] [D] [thread 14854] [0.0] [cxt 0] Table 'MyEgress.egress_broadcast_add_vpls': miss
[07:15:05.146] [bmv2] [D] [thread 14854] [0.0] [cxt 0] Action entry is NoAction - 
[07:15:05.146] [bmv2] [T] [thread 14854] [0.0] [cxt 0] Action NoAction
[07:15:05.147] [bmv2] [D] [thread 14854] [0.0] [cxt 0] Pipeline 'egress': end
[07:15:05.147] [bmv2] [D] [thread 14854] [0.0] [cxt 0] Deparser 'deparser': start
[07:15:05.147] [bmv2] [T] [thread 14854] [0.0] [cxt 0] Skipping checksum 'cksum' update because condition not met
[07:15:05.147] [bmv2] [D] [thread 14854] [0.0] [cxt 0] Deparsing header 'ethernet'
[07:15:05.147] [bmv2] [D] [thread 14854] [0.0] [cxt 0] Deparser 'deparser': end
[07:15:05.147] [bmv2] [D] [thread 14858] [0.0] [cxt 0] Transmitting packet of size 70 out of port 0
[07:15:05.356] [bmv2] [D] [thread 14853] [1.0] [cxt 0] Processing packet received on port 3
[07:15:05.356] [bmv2] [D] [thread 14853] [1.0] [cxt 0] Parser 'parser': start
[07:15:05.356] [bmv2] [D] [thread 14853] [1.0] [cxt 0] Parser 'parser' entering state 'start'
[07:15:05.356] [bmv2] [D] [thread 14853] [1.0] [cxt 0] Extracting header 'ethernet'
[07:15:05.356] [bmv2] [D] [thread 14853] [1.0] [cxt 0] Parser state 'start': key is 86dd
[07:15:05.357] [bmv2] [T] [thread 14853] [1.0] [cxt 0] Bytes parsed: 14
[07:15:05.357] [bmv2] [D] [thread 14853] [1.0] [cxt 0] Parser 'parser': end
[07:15:05.357] [bmv2] [D] [thread 14853] [1.0] [cxt 0] Pipeline 'ingress': start
[07:15:05.357] [bmv2] [T] [thread 14853] [1.0] [cxt 0] Applying table 'MyIngress.check_is_ingress_border'
[07:15:05.357] [bmv2] [D] [thread 14853] [1.0] [cxt 0] Looking up key:
* standard_metadata.ingress_port: 0003

[07:15:05.357] [bmv2] [D] [thread 14853] [1.0] [cxt 0] Table 'MyIngress.check_is_ingress_border': miss
[07:15:05.358] [bmv2] [D] [thread 14853] [1.0] [cxt 0] Action entry is NoAction - 
[07:15:05.358] [bmv2] [T] [thread 14853] [1.0] [cxt 0] Action NoAction
[07:15:05.358] [bmv2] [T] [thread 14853] [1.0] [cxt 0] p4src/p4_pipeline.p4(222) Condition "meta.is_ingress_border == 1" (node_3) is false
[07:15:05.358] [bmv2] [T] [thread 14853] [1.0] [cxt 0] p4src/p4_pipeline.p4(241) Condition "hdr.vpls.isValid()" (node_12) is false
[07:15:05.358] [bmv2] [D] [thread 14853] [1.0] [cxt 0] Pipeline 'ingress': end
[07:15:05.358] [bmv2] [D] [thread 14853] [1.0] [cxt 0] Egress port is 0
[07:15:05.359] [bmv2] [D] [thread 14854] [1.0] [cxt 0] Pipeline 'egress': start
[07:15:05.359] [bmv2] [T] [thread 14854] [1.0] [cxt 0] p4src/p4_pipeline.p4(339) Condition "(standard_metadata.instance_type == 1) || (standard_metadata.instance_type == 2)" (node_24) is false
[07:15:05.359] [bmv2] [T] [thread 14854] [1.0] [cxt 0] p4src/p4_pipeline.p4(355) Condition "!hdr.vpls.isValid()" (node_26) is true
[07:15:05.359] [bmv2] [T] [thread 14854] [1.0] [cxt 0] Applying table 'MyEgress.egress_broadcast_add_vpls'
[07:15:05.359] [bmv2] [D] [thread 14854] [1.0] [cxt 0] Looking up key:
* standard_metadata.mcast_grp : 0000
* standard_metadata.egress_rid: 0000

[07:15:05.359] [bmv2] [D] [thread 14854] [1.0] [cxt 0] Table 'MyEgress.egress_broadcast_add_vpls': miss
[07:15:05.359] [bmv2] [D] [thread 14854] [1.0] [cxt 0] Action entry is NoAction - 
[07:15:05.360] [bmv2] [T] [thread 14854] [1.0] [cxt 0] Action NoAction
[07:15:05.360] [bmv2] [D] [thread 14854] [1.0] [cxt 0] Pipeline 'egress': end
[07:15:05.360] [bmv2] [D] [thread 14854] [1.0] [cxt 0] Deparser 'deparser': start
[07:15:05.360] [bmv2] [T] [thread 14854] [1.0] [cxt 0] Skipping checksum 'cksum' update because condition not met
[07:15:05.360] [bmv2] [D] [thread 14854] [1.0] [cxt 0] Deparsing header 'ethernet'
[07:15:05.360] [bmv2] [D] [thread 14854] [1.0] [cxt 0] Deparser 'deparser': end
[07:15:05.360] [bmv2] [D] [thread 14858] [1.0] [cxt 0] Transmitting packet of size 70 out of port 0
[07:15:05.446] [bmv2] [D] [thread 14853] [2.0] [cxt 0] Processing packet received on port 5
[07:15:05.446] [bmv2] [D] [thread 14853] [2.0] [cxt 0] Parser 'parser': start
[07:15:05.447] [bmv2] [D] [thread 14853] [2.0] [cxt 0] Parser 'parser' entering state 'start'
[07:15:05.447] [bmv2] [D] [thread 14853] [2.0] [cxt 0] Extracting header 'ethernet'
[07:15:05.447] [bmv2] [D] [thread 14853] [2.0] [cxt 0] Parser state 'start': key is 86dd
[07:15:05.447] [bmv2] [T] [thread 14853] [2.0] [cxt 0] Bytes parsed: 14
[07:15:05.447] [bmv2] [D] [thread 14853] [2.0] [cxt 0] Parser 'parser': end
[07:15:05.447] [bmv2] [D] [thread 14853] [2.0] [cxt 0] Pipeline 'ingress': start
[07:15:05.447] [bmv2] [T] [thread 14853] [2.0] [cxt 0] Applying table 'MyIngress.check_is_ingress_border'
[07:15:05.447] [bmv2] [D] [thread 14853] [2.0] [cxt 0] Looking up key:
* standard_metadata.ingress_port: 0005

[07:15:05.447] [bmv2] [D] [thread 14853] [2.0] [cxt 0] Table 'MyIngress.check_is_ingress_border': miss
[07:15:05.447] [bmv2] [D] [thread 14853] [2.0] [cxt 0] Action entry is NoAction - 
[07:15:05.448] [bmv2] [T] [thread 14853] [2.0] [cxt 0] Action NoAction
[07:15:05.448] [bmv2] [T] [thread 14853] [2.0] [cxt 0] p4src/p4_pipeline.p4(222) Condition "meta.is_ingress_border == 1" (node_3) is false
[07:15:05.448] [bmv2] [T] [thread 14853] [2.0] [cxt 0] p4src/p4_pipeline.p4(241) Condition "hdr.vpls.isValid()" (node_12) is false
[07:15:05.448] [bmv2] [D] [thread 14853] [2.0] [cxt 0] Pipeline 'ingress': end
[07:15:05.448] [bmv2] [D] [thread 14853] [2.0] [cxt 0] Egress port is 0
[07:15:05.448] [bmv2] [D] [thread 14854] [2.0] [cxt 0] Pipeline 'egress': start
[07:15:05.448] [bmv2] [T] [thread 14854] [2.0] [cxt 0] p4src/p4_pipeline.p4(339) Condition "(standard_metadata.instance_type == 1) || (standard_metadata.instance_type == 2)" (node_24) is false
[07:15:05.448] [bmv2] [T] [thread 14854] [2.0] [cxt 0] p4src/p4_pipeline.p4(355) Condition "!hdr.vpls.isValid()" (node_26) is true
[07:15:05.448] [bmv2] [T] [thread 14854] [2.0] [cxt 0] Applying table 'MyEgress.egress_broadcast_add_vpls'
[07:15:05.448] [bmv2] [D] [thread 14854] [2.0] [cxt 0] Looking up key:
* standard_metadata.mcast_grp : 0000
* standard_metadata.egress_rid: 0000

[07:15:05.448] [bmv2] [D] [thread 14854] [2.0] [cxt 0] Table 'MyEgress.egress_broadcast_add_vpls': miss
[07:15:05.448] [bmv2] [D] [thread 14854] [2.0] [cxt 0] Action entry is NoAction - 
[07:15:05.449] [bmv2] [T] [thread 14854] [2.0] [cxt 0] Action NoAction
[07:15:05.449] [bmv2] [D] [thread 14854] [2.0] [cxt 0] Pipeline 'egress': end
[07:15:05.449] [bmv2] [D] [thread 14854] [2.0] [cxt 0] Deparser 'deparser': start
[07:15:05.449] [bmv2] [T] [thread 14854] [2.0] [cxt 0] Skipping checksum 'cksum' update because condition not met
[07:15:05.449] [bmv2] [D] [thread 14854] [2.0] [cxt 0] Deparsing header 'ethernet'
[07:15:05.449] [bmv2] [D] [thread 14854] [2.0] [cxt 0] Deparser 'deparser': end
[07:15:05.449] [bmv2] [D] [thread 14858] [2.0] [cxt 0] Transmitting packet of size 70 out of port 0
[07:15:05.531] [bmv2] [D] [thread 14853] [3.0] [cxt 0] Processing packet received on port 4
[07:15:05.531] [bmv2] [D] [thread 14853] [3.0] [cxt 0] Parser 'parser': start
[07:15:05.531] [bmv2] [D] [thread 14853] [3.0] [cxt 0] Parser 'parser' entering state 'start'
[07:15:05.531] [bmv2] [D] [thread 14853] [3.0] [cxt 0] Extracting header 'ethernet'
[07:15:05.531] [bmv2] [D] [thread 14853] [3.0] [cxt 0] Parser state 'start': key is 86dd
[07:15:05.531] [bmv2] [T] [thread 14853] [3.0] [cxt 0] Bytes parsed: 14
[07:15:05.532] [bmv2] [D] [thread 14853] [3.0] [cxt 0] Parser 'parser': end
[07:15:05.532] [bmv2] [D] [thread 14853] [3.0] [cxt 0] Pipeline 'ingress': start
[07:15:05.532] [bmv2] [T] [thread 14853] [3.0] [cxt 0] Applying table 'MyIngress.check_is_ingress_border'
[07:15:05.532] [bmv2] [D] [thread 14853] [3.0] [cxt 0] Looking up key:
* standard_metadata.ingress_port: 0004

[07:15:05.532] [bmv2] [D] [thread 14853] [3.0] [cxt 0] Table 'MyIngress.check_is_ingress_border': miss
[07:15:05.532] [bmv2] [D] [thread 14853] [3.0] [cxt 0] Action entry is NoAction - 
[07:15:05.532] [bmv2] [T] [thread 14853] [3.0] [cxt 0] Action NoAction
[07:15:05.533] [bmv2] [T] [thread 14853] [3.0] [cxt 0] p4src/p4_pipeline.p4(222) Condition "meta.is_ingress_border == 1" (node_3) is false
[07:15:05.533] [bmv2] [T] [thread 14853] [3.0] [cxt 0] p4src/p4_pipeline.p4(241) Condition "hdr.vpls.isValid()" (node_12) is false
[07:15:05.533] [bmv2] [D] [thread 14853] [3.0] [cxt 0] Pipeline 'ingress': end
[07:15:05.533] [bmv2] [D] [thread 14853] [3.0] [cxt 0] Egress port is 0
[07:15:05.533] [bmv2] [D] [thread 14854] [3.0] [cxt 0] Pipeline 'egress': start
[07:15:05.533] [bmv2] [T] [thread 14854] [3.0] [cxt 0] p4src/p4_pipeline.p4(339) Condition "(standard_metadata.instance_type == 1) || (standard_metadata.instance_type == 2)" (node_24) is false
[07:15:05.534] [bmv2] [T] [thread 14854] [3.0] [cxt 0] p4src/p4_pipeline.p4(355) Condition "!hdr.vpls.isValid()" (node_26) is true
[07:15:05.534] [bmv2] [T] [thread 14854] [3.0] [cxt 0] Applying table 'MyEgress.egress_broadcast_add_vpls'
[07:15:05.534] [bmv2] [D] [thread 14854] [3.0] [cxt 0] Looking up key:
* standard_metadata.mcast_grp : 0000
* standard_metadata.egress_rid: 0000

[07:15:05.534] [bmv2] [D] [thread 14854] [3.0] [cxt 0] Table 'MyEgress.egress_broadcast_add_vpls': miss
[07:15:05.534] [bmv2] [D] [thread 14854] [3.0] [cxt 0] Action entry is NoAction - 
[07:15:05.534] [bmv2] [T] [thread 14854] [3.0] [cxt 0] Action NoAction
[07:15:05.535] [bmv2] [D] [thread 14854] [3.0] [cxt 0] Pipeline 'egress': end
[07:15:05.535] [bmv2] [D] [thread 14854] [3.0] [cxt 0] Deparser 'deparser': start
[07:15:05.535] [bmv2] [T] [thread 14854] [3.0] [cxt 0] Skipping checksum 'cksum' update because condition not met
[07:15:05.535] [bmv2] [D] [thread 14854] [3.0] [cxt 0] Deparsing header 'ethernet'
[07:15:05.535] [bmv2] [D] [thread 14854] [3.0] [cxt 0] Deparser 'deparser': end
[07:15:05.535] [bmv2] [D] [thread 14858] [3.0] [cxt 0] Transmitting packet of size 70 out of port 0
[07:15:19.047] [bmv2] [T] [thread 15039] bm_get_config
[07:15:19.049] [bmv2] [T] [thread 15039] bm_mt_get_entries
[07:15:19.049] [bmv2] [T] [thread 15039] bm_mt_get_entries
[07:15:19.049] [bmv2] [T] [thread 15039] bm_mt_get_entries
[07:15:19.050] [bmv2] [T] [thread 15039] bm_mt_get_entries
[07:15:19.050] [bmv2] [T] [thread 15039] bm_mt_get_entries
[07:15:19.050] [bmv2] [T] [thread 15039] bm_mt_get_entries
[07:15:19.050] [bmv2] [T] [thread 15039] bm_mt_get_entries
[07:15:19.051] [bmv2] [T] [thread 15039] bm_mt_get_entries
[07:15:19.051] [bmv2] [T] [thread 15039] bm_mt_get_entries
[07:15:19.051] [bmv2] [T] [thread 15039] bm_mt_get_entries
[07:15:19.051] [bmv2] [T] [thread 15039] bm_mt_get_entries
[07:15:19.052] [bmv2] [T] [thread 15039] bm_mt_get_entries
[07:15:19.052] [bmv2] [T] [thread 15039] bm_mt_get_entries
[07:15:19.052] [bmv2] [T] [thread 15039] bm_mt_get_entries
[07:15:19.052] [bmv2] [T] [thread 15039] bm_mt_get_entries
[07:15:19.052] [bmv2] [T] [thread 15039] bm_mt_get_entries
[07:15:19.053] [bmv2] [T] [thread 15039] bm_mt_get_entries
[07:15:19.053] [bmv2] [T] [thread 15039] bm_mt_get_entries
[07:15:19.053] [bmv2] [T] [thread 15039] bm_mt_get_entries
[07:15:19.053] [bmv2] [T] [thread 15039] bm_mt_get_entries
[07:15:19.054] [bmv2] [T] [thread 15039] bm_mt_get_entries
[07:15:19.054] [bmv2] [T] [thread 15039] bm_mt_get_entries
[07:15:19.083] [bmv2] [T] [thread 15039] bm_reset_state
[07:15:19.089] [bmv2] [D] [thread 15039] Resetting simple_switch target-specific state
[07:15:19.089] [bmv2] [D] [thread 15039] resetting PRE state
[07:15:19.092] [bmv2] [T] [thread 15044] mirroring_sesssion_add
[07:15:19.168] [bmv2] [T] [thread 15039] bm_table_add_entry
[07:15:19.169] [bmv2] [D] [thread 15039] Entry 0 added to table 'MyIngress.check_is_ingress_border'
[07:15:19.169] [bmv2] [D] [thread 15039] Dumping entry 0
Match key:
* standard_metadata.ingress_port: EXACT     0002
Action entry: MyIngress.set_is_ingress_border - 

[07:15:19.169] [bmv2] [T] [thread 15039] bm_table_add_entry
[07:15:19.169] [bmv2] [D] [thread 15039] Entry 0 added to table 'MyEgress.check_is_egress_border'
[07:15:19.169] [bmv2] [D] [thread 15039] Dumping entry 0
Match key:
* standard_metadata.egress_port: EXACT     0002
Action entry: MyEgress.is_egress_border - 

[07:15:19.170] [bmv2] [T] [thread 15039] bm_table_add_entry
[07:15:19.170] [bmv2] [D] [thread 15039] Entry 1 added to table 'MyIngress.check_is_ingress_border'
[07:15:19.170] [bmv2] [D] [thread 15039] Dumping entry 1
Match key:
* standard_metadata.ingress_port: EXACT     0001
Action entry: MyIngress.set_is_ingress_border - 

[07:15:19.171] [bmv2] [T] [thread 15039] bm_table_add_entry
[07:15:19.171] [bmv2] [D] [thread 15039] Entry 1 added to table 'MyEgress.check_is_egress_border'
[07:15:19.171] [bmv2] [D] [thread 15039] Dumping entry 1
Match key:
* standard_metadata.egress_port: EXACT     0001
Action entry: MyEgress.is_egress_border - 

[07:15:19.171] [bmv2] [T] [thread 15039] bm_mc_mgrp_create
[07:15:19.171] [bmv2] [D] [thread 15039] mgrp node created for mgid 1
[07:15:19.172] [bmv2] [T] [thread 15039] bm_mc_node_create
[07:15:19.172] [bmv2] [D] [thread 15039] node created for rid 0
[07:15:19.172] [bmv2] [T] [thread 15039] bm_mc_node_associate
[07:15:19.172] [bmv2] [D] [thread 15039] node associated with mgid 1
[07:15:19.173] [bmv2] [T] [thread 15039] bm_table_add_entry
[07:15:19.173] [bmv2] [D] [thread 15039] Entry 0 added to table 'MyEgress.egress_broadcast_add_vpls'
[07:15:19.173] [bmv2] [D] [thread 15039] Dumping entry 0
Match key:
* standard_metadata.mcast_grp : EXACT     0001
* standard_metadata.egress_rid: EXACT     0000
Action entry: MyEgress.add_vpls_header - 3,0,

[07:15:19.173] [bmv2] [T] [thread 15039] bm_mc_node_create
[07:15:19.174] [bmv2] [D] [thread 15039] node created for rid 1
[07:15:19.174] [bmv2] [T] [thread 15039] bm_mc_node_associate
[07:15:19.174] [bmv2] [D] [thread 15039] node associated with mgid 1
[07:15:19.174] [bmv2] [T] [thread 15039] bm_table_add_entry
[07:15:19.175] [bmv2] [D] [thread 15039] Entry 1 added to table 'MyEgress.egress_broadcast_add_vpls'
[07:15:19.175] [bmv2] [D] [thread 15039] Dumping entry 1
Match key:
* standard_metadata.mcast_grp : EXACT     0001
* standard_metadata.egress_rid: EXACT     0001
Action entry: MyEgress.add_vpls_header - 4,0,

[07:15:19.175] [bmv2] [T] [thread 15039] bm_table_add_entry
[07:15:19.175] [bmv2] [D] [thread 15039] Entry 0 added to table 'MyIngress.add_mcast_grp'
[07:15:19.175] [bmv2] [D] [thread 15039] Dumping entry 0
Match key:
* standard_metadata.ingress_port: EXACT     0001
Action entry: MyIngress.add_mcast_grpid - 1,

[07:15:19.176] [bmv2] [T] [thread 15039] bm_mc_mgrp_create
[07:15:19.176] [bmv2] [D] [thread 15039] mgrp node created for mgid 2
[07:15:19.176] [bmv2] [T] [thread 15039] bm_mc_node_create
[07:15:19.176] [bmv2] [D] [thread 15039] node created for rid 0
[07:15:19.176] [bmv2] [T] [thread 15039] bm_mc_node_associate
[07:15:19.176] [bmv2] [D] [thread 15039] node associated with mgid 2
[07:15:19.177] [bmv2] [T] [thread 15039] bm_table_add_entry
[07:15:19.177] [bmv2] [D] [thread 15039] Entry 2 added to table 'MyEgress.egress_broadcast_add_vpls'
[07:15:19.177] [bmv2] [D] [thread 15039] Dumping entry 2
Match key:
* standard_metadata.mcast_grp : EXACT     0002
* standard_metadata.egress_rid: EXACT     0000
Action entry: MyEgress.add_vpls_header - 6,1,

[07:15:19.177] [bmv2] [T] [thread 15039] bm_mc_node_create
[07:15:19.178] [bmv2] [D] [thread 15039] node created for rid 1
[07:15:19.178] [bmv2] [T] [thread 15039] bm_mc_node_associate
[07:15:19.178] [bmv2] [D] [thread 15039] node associated with mgid 2
[07:15:19.178] [bmv2] [T] [thread 15039] bm_table_add_entry
[07:15:19.179] [bmv2] [D] [thread 15039] Entry 3 added to table 'MyEgress.egress_broadcast_add_vpls'
[07:15:19.179] [bmv2] [D] [thread 15039] Dumping entry 3
Match key:
* standard_metadata.mcast_grp : EXACT     0002
* standard_metadata.egress_rid: EXACT     0001
Action entry: MyEgress.add_vpls_header - 5,1,

[07:15:19.179] [bmv2] [T] [thread 15039] bm_mc_node_create
[07:15:19.179] [bmv2] [D] [thread 15039] node created for rid 2
[07:15:19.179] [bmv2] [T] [thread 15039] bm_mc_node_associate
[07:15:19.180] [bmv2] [D] [thread 15039] node associated with mgid 2
[07:15:19.180] [bmv2] [T] [thread 15039] bm_table_add_entry
[07:15:19.180] [bmv2] [D] [thread 15039] Entry 4 added to table 'MyEgress.egress_broadcast_add_vpls'
[07:15:19.180] [bmv2] [D] [thread 15039] Dumping entry 4
Match key:
* standard_metadata.mcast_grp : EXACT     0002
* standard_metadata.egress_rid: EXACT     0002
Action entry: MyEgress.add_vpls_header - 3,1,

[07:15:19.180] [bmv2] [T] [thread 15039] bm_mc_node_create
[07:15:19.181] [bmv2] [D] [thread 15039] node created for rid 3
[07:15:19.181] [bmv2] [T] [thread 15039] bm_mc_node_associate
[07:15:19.181] [bmv2] [D] [thread 15039] node associated with mgid 2
[07:15:19.181] [bmv2] [T] [thread 15039] bm_table_add_entry
[07:15:19.181] [bmv2] [D] [thread 15039] Entry 5 added to table 'MyEgress.egress_broadcast_add_vpls'
[07:15:19.181] [bmv2] [D] [thread 15039] Dumping entry 5
Match key:
* standard_metadata.mcast_grp : EXACT     0002
* standard_metadata.egress_rid: EXACT     0003
Action entry: MyEgress.add_vpls_header - 4,1,

[07:15:19.182] [bmv2] [T] [thread 15039] bm_table_add_entry
[07:15:19.182] [bmv2] [D] [thread 15039] Entry 1 added to table 'MyIngress.add_mcast_grp'
[07:15:19.182] [bmv2] [D] [thread 15039] Dumping entry 1
Match key:
* standard_metadata.ingress_port: EXACT     0002
Action entry: MyIngress.add_mcast_grpid - 2,

[07:15:19.182] [bmv2] [T] [thread 15039] bm_mc_mgrp_create
[07:15:19.183] [bmv2] [D] [thread 15039] mgrp node created for mgid 3
[07:15:19.183] [bmv2] [T] [thread 15039] bm_mc_node_create
[07:15:19.183] [bmv2] [D] [thread 15039] node created for rid 4
[07:15:19.183] [bmv2] [T] [thread 15039] bm_mc_node_associate
[07:15:19.183] [bmv2] [D] [thread 15039] node associated with mgid 3
[07:15:19.184] [bmv2] [T] [thread 15039] bm_table_add_entry
[07:15:19.184] [bmv2] [D] [thread 15039] Entry 0 added to table 'MyIngress.vpls_dmac_broadcast'
[07:15:19.184] [bmv2] [D] [thread 15039] Dumping entry 0
Match key:
* hdr.vpls.tunnel_id  : EXACT     00000004
* hdr.vpls.pw_id      : EXACT     00000000
Action entry: MyIngress.add_mcast_grpid - 3,

[07:15:19.184] [bmv2] [T] [thread 15039] bm_table_add_entry
[07:15:19.185] [bmv2] [D] [thread 15039] Entry 1 added to table 'MyIngress.vpls_dmac_broadcast'
[07:15:19.185] [bmv2] [D] [thread 15039] Dumping entry 1
Match key:
* hdr.vpls.tunnel_id  : EXACT     00000003
* hdr.vpls.pw_id      : EXACT     00000000
Action entry: MyIngress.add_mcast_grpid - 3,

[07:15:19.185] [bmv2] [T] [thread 15039] bm_table_add_entry
[07:15:19.185] [bmv2] [D] [thread 15039] Entry 2 added to table 'MyIngress.vpls_dmac_broadcast'
[07:15:19.185] [bmv2] [D] [thread 15039] Dumping entry 2
Match key:
* hdr.vpls.tunnel_id  : EXACT     00000006
* hdr.vpls.pw_id      : EXACT     00000000
Action entry: MyIngress.add_mcast_grpid - 3,

[07:15:19.186] [bmv2] [T] [thread 15039] bm_table_add_entry
[07:15:19.186] [bmv2] [D] [thread 15039] Entry 3 added to table 'MyIngress.vpls_dmac_broadcast'
[07:15:19.186] [bmv2] [D] [thread 15039] Dumping entry 3
Match key:
* hdr.vpls.tunnel_id  : EXACT     00000005
* hdr.vpls.pw_id      : EXACT     00000000
Action entry: MyIngress.add_mcast_grpid - 3,

[07:15:19.187] [bmv2] [T] [thread 15039] bm_mc_mgrp_create
[07:15:19.187] [bmv2] [D] [thread 15039] mgrp node created for mgid 4
[07:15:19.187] [bmv2] [T] [thread 15039] bm_mc_node_create
[07:15:19.187] [bmv2] [D] [thread 15039] node created for rid 4
[07:15:19.187] [bmv2] [T] [thread 15039] bm_mc_node_associate
[07:15:19.187] [bmv2] [D] [thread 15039] node associated with mgid 4
[07:15:19.188] [bmv2] [T] [thread 15039] bm_table_add_entry
[07:15:19.188] [bmv2] [D] [thread 15039] Entry 4 added to table 'MyIngress.vpls_dmac_broadcast'
[07:15:19.188] [bmv2] [D] [thread 15039] Dumping entry 4
Match key:
* hdr.vpls.tunnel_id  : EXACT     00000004
* hdr.vpls.pw_id      : EXACT     00000001
Action entry: MyIngress.add_mcast_grpid - 4,

[07:15:19.188] [bmv2] [T] [thread 15039] bm_table_add_entry
[07:15:19.189] [bmv2] [D] [thread 15039] Entry 5 added to table 'MyIngress.vpls_dmac_broadcast'
[07:15:19.189] [bmv2] [D] [thread 15039] Dumping entry 5
Match key:
* hdr.vpls.tunnel_id  : EXACT     00000003
* hdr.vpls.pw_id      : EXACT     00000001
Action entry: MyIngress.add_mcast_grpid - 4,

[07:15:19.189] [bmv2] [T] [thread 15039] bm_table_add_entry
[07:15:19.189] [bmv2] [D] [thread 15039] Entry 6 added to table 'MyIngress.vpls_dmac_broadcast'
[07:15:19.189] [bmv2] [D] [thread 15039] Dumping entry 6
Match key:
* hdr.vpls.tunnel_id  : EXACT     00000006
* hdr.vpls.pw_id      : EXACT     00000001
Action entry: MyIngress.add_mcast_grpid - 4,

[07:15:19.190] [bmv2] [T] [thread 15039] bm_table_add_entry
[07:15:19.190] [bmv2] [D] [thread 15039] Entry 7 added to table 'MyIngress.vpls_dmac_broadcast'
[07:15:19.191] [bmv2] [D] [thread 15039] Dumping entry 7
Match key:
* hdr.vpls.tunnel_id  : EXACT     00000005
* hdr.vpls.pw_id      : EXACT     00000001
Action entry: MyIngress.add_mcast_grpid - 4,

[07:15:19.248] [bmv2] [T] [thread 15053] bm_get_config
[07:15:19.251] [bmv2] [T] [thread 15053] bm_mt_get_entries
[07:15:19.251] [bmv2] [T] [thread 15053] bm_mt_get_entries
[07:15:19.252] [bmv2] [T] [thread 15053] bm_mt_get_entries
[07:15:19.252] [bmv2] [T] [thread 15053] bm_mt_get_entries
[07:15:19.252] [bmv2] [T] [thread 15053] bm_mt_get_entries
[07:15:19.253] [bmv2] [T] [thread 15053] bm_mt_get_entries
[07:15:19.253] [bmv2] [T] [thread 15053] bm_mt_get_entries
[07:15:19.254] [bmv2] [T] [thread 15053] bm_mt_get_entries
[07:15:19.255] [bmv2] [T] [thread 15053] bm_mt_get_entries
[07:15:19.255] [bmv2] [T] [thread 15053] bm_mt_get_entries
[07:15:19.255] [bmv2] [T] [thread 15053] bm_mt_get_entries
[07:15:19.255] [bmv2] [T] [thread 15053] bm_mt_get_entries
[07:15:19.256] [bmv2] [T] [thread 15053] bm_mt_get_entries
[07:15:19.256] [bmv2] [T] [thread 15053] bm_mt_get_entries
[07:15:19.256] [bmv2] [T] [thread 15053] bm_mt_get_entries
[07:15:19.256] [bmv2] [T] [thread 15053] bm_mt_get_entries
[07:15:19.257] [bmv2] [T] [thread 15053] bm_mt_get_entries
[07:15:19.257] [bmv2] [T] [thread 15053] bm_mt_get_entries
[07:15:19.257] [bmv2] [T] [thread 15053] bm_mt_get_entries
[07:15:19.257] [bmv2] [T] [thread 15053] bm_mt_get_entries
[07:15:19.258] [bmv2] [T] [thread 15053] bm_mt_get_entries
[07:15:19.258] [bmv2] [T] [thread 15053] bm_mt_get_entries
[07:16:13.128] [bmv2] [D] [thread 14853] [4.0] [cxt 0] Processing packet received on port 3
[07:16:13.128] [bmv2] [D] [thread 14853] [4.0] [cxt 0] Parser 'parser': start
[07:16:13.128] [bmv2] [D] [thread 14853] [4.0] [cxt 0] Parser 'parser' entering state 'start'
[07:16:13.128] [bmv2] [D] [thread 14853] [4.0] [cxt 0] Extracting header 'ethernet'
[07:16:13.129] [bmv2] [D] [thread 14853] [4.0] [cxt 0] Parser state 'start': key is 0100
[07:16:13.129] [bmv2] [T] [thread 14853] [4.0] [cxt 0] Bytes parsed: 14
[07:16:13.129] [bmv2] [D] [thread 14853] [4.0] [cxt 0] Parser 'parser' entering state 'parse_vpls'
[07:16:13.129] [bmv2] [D] [thread 14853] [4.0] [cxt 0] Extracting header 'vpls'
[07:16:13.129] [bmv2] [D] [thread 14853] [4.0] [cxt 0] Extracting header 'in_ethernet'
[07:16:13.130] [bmv2] [D] [thread 14853] [4.0] [cxt 0] Parser state 'parse_vpls': key is 0806
[07:16:13.130] [bmv2] [T] [thread 14853] [4.0] [cxt 0] Bytes parsed: 36
[07:16:13.130] [bmv2] [D] [thread 14853] [4.0] [cxt 0] Parser 'parser': end
[07:16:13.130] [bmv2] [D] [thread 14853] [4.0] [cxt 0] Pipeline 'ingress': start
[07:16:13.130] [bmv2] [T] [thread 14853] [4.0] [cxt 0] Applying table 'MyIngress.check_is_ingress_border'
[07:16:13.130] [bmv2] [D] [thread 14853] [4.0] [cxt 0] Looking up key:
* standard_metadata.ingress_port: 0003

[07:16:13.130] [bmv2] [D] [thread 14853] [4.0] [cxt 0] Table 'MyIngress.check_is_ingress_border': miss
[07:16:13.131] [bmv2] [D] [thread 14853] [4.0] [cxt 0] Action entry is NoAction - 
[07:16:13.131] [bmv2] [T] [thread 14853] [4.0] [cxt 0] Action NoAction
[07:16:13.131] [bmv2] [T] [thread 14853] [4.0] [cxt 0] p4src/p4_pipeline.p4(222) Condition "meta.is_ingress_border == 1" (node_3) is false
[07:16:13.131] [bmv2] [T] [thread 14853] [4.0] [cxt 0] p4src/p4_pipeline.p4(241) Condition "hdr.vpls.isValid()" (node_12) is true
[07:16:13.131] [bmv2] [T] [thread 14853] [4.0] [cxt 0] Applying table 'MyIngress.vpls_tbl'
[07:16:13.131] [bmv2] [D] [thread 14853] [4.0] [cxt 0] Looking up key:
* hdr.vpls.tunnel_id            : 00000004
* standard_metadata.ingress_port: 0003

[07:16:13.131] [bmv2] [D] [thread 14853] [4.0] [cxt 0] Table 'MyIngress.vpls_tbl': miss
[07:16:13.131] [bmv2] [D] [thread 14853] [4.0] [cxt 0] Action entry is MyIngress.drop - 
[07:16:13.131] [bmv2] [T] [thread 14853] [4.0] [cxt 0] Action MyIngress.drop
[07:16:13.131] [bmv2] [T] [thread 14853] [4.0] [cxt 0] Applying table 'tbl_act_2'
[07:16:13.132] [bmv2] [D] [thread 14853] [4.0] [cxt 0] Looking up key:

[07:16:13.132] [bmv2] [D] [thread 14853] [4.0] [cxt 0] Table 'tbl_act_2': miss
[07:16:13.132] [bmv2] [D] [thread 14853] [4.0] [cxt 0] Action entry is act_2 - 
[07:16:13.132] [bmv2] [T] [thread 14853] [4.0] [cxt 0] Action act_2
[07:16:13.132] [bmv2] [T] [thread 14853] [4.0] [cxt 0] Primitive (no source info)
[07:16:13.132] [bmv2] [T] [thread 14853] [4.0] [cxt 0] Condition "node_16" (node_16) is false
[07:16:13.132] [bmv2] [T] [thread 14853] [4.0] [cxt 0] Applying table 'MyIngress.vpls_dmac'
[07:16:13.132] [bmv2] [D] [thread 14853] [4.0] [cxt 0] Looking up key:
* hdr.vpls.tunnel_id  : 00000004
* hdr.vpls.pw_id      : 00000001
* hdr.ethernet.dstAddr: ffffffffffff

[07:16:13.133] [bmv2] [D] [thread 14853] [4.0] [cxt 0] Table 'MyIngress.vpls_dmac': miss
[07:16:13.133] [bmv2] [D] [thread 14853] [4.0] [cxt 0] Action entry is MyIngress.drop - 
[07:16:13.133] [bmv2] [T] [thread 14853] [4.0] [cxt 0] Action MyIngress.drop
[07:16:13.133] [bmv2] [T] [thread 14853] [4.0] [cxt 0] Applying table 'tbl_act_4'
[07:16:13.133] [bmv2] [D] [thread 14853] [4.0] [cxt 0] Looking up key:

[07:16:13.133] [bmv2] [D] [thread 14853] [4.0] [cxt 0] Table 'tbl_act_4': miss
[07:16:13.133] [bmv2] [D] [thread 14853] [4.0] [cxt 0] Action entry is act_4 - 
[07:16:13.133] [bmv2] [T] [thread 14853] [4.0] [cxt 0] Action act_4
[07:16:13.133] [bmv2] [T] [thread 14853] [4.0] [cxt 0] Primitive (no source info)
[07:16:13.133] [bmv2] [T] [thread 14853] [4.0] [cxt 0] Condition "node_20" (node_20) is false
[07:16:13.134] [bmv2] [T] [thread 14853] [4.0] [cxt 0] Applying table 'MyIngress.vpls_dmac_broadcast'
[07:16:13.134] [bmv2] [D] [thread 14853] [4.0] [cxt 0] Looking up key:
* hdr.vpls.tunnel_id  : 00000004
* hdr.vpls.pw_id      : 00000001

[07:16:13.134] [bmv2] [D] [thread 14853] [4.0] [cxt 0] Table 'MyIngress.vpls_dmac_broadcast': hit with handle 4
[07:16:13.135] [bmv2] [D] [thread 14853] [4.0] [cxt 0] Dumping entry 4
Match key:
* hdr.vpls.tunnel_id  : EXACT     00000004
* hdr.vpls.pw_id      : EXACT     00000001
Action entry: MyIngress.add_mcast_grpid - 4,

[07:16:13.135] [bmv2] [D] [thread 14853] [4.0] [cxt 0] Action entry is MyIngress.add_mcast_grpid - 4,
[07:16:13.135] [bmv2] [T] [thread 14853] [4.0] [cxt 0] Action MyIngress.add_mcast_grpid
[07:16:13.135] [bmv2] [T] [thread 14853] [4.0] [cxt 0] p4src/p4_pipeline.p4(189) Primitive standard_metadata.mcast_grp = grpid
[07:16:13.135] [bmv2] [D] [thread 14853] [4.0] [cxt 0] Pipeline 'ingress': end
[07:16:13.135] [bmv2] [D] [thread 14853] [4.0] [cxt 0] Multicast requested for packet
[07:16:13.135] [bmv2] [D] [thread 14853] number of packets replicated : 1
[07:16:13.136] [bmv2] [D] [thread 14853] [4.0] [cxt 0] Replicating packet on port 2
[07:16:13.137] [bmv2] [D] [thread 14856] [4.1] [cxt 0] Pipeline 'egress': start
[07:16:13.137] [bmv2] [T] [thread 14856] [4.1] [cxt 0] p4src/p4_pipeline.p4(339) Condition "(standard_metadata.instance_type == 1) || (standard_metadata.instance_type == 2)" (node_24) is false
[07:16:13.137] [bmv2] [T] [thread 14856] [4.1] [cxt 0] p4src/p4_pipeline.p4(355) Condition "!hdr.vpls.isValid()" (node_26) is false
[07:16:13.138] [bmv2] [T] [thread 14856] [4.1] [cxt 0] Applying table 'MyEgress.check_is_egress_border'
[07:16:13.138] [bmv2] [D] [thread 14856] [4.1] [cxt 0] Looking up key:
* standard_metadata.egress_port: 0002

[07:16:13.138] [bmv2] [D] [thread 14856] [4.1] [cxt 0] Table 'MyEgress.check_is_egress_border': hit with handle 0
[07:16:13.138] [bmv2] [D] [thread 14856] [4.1] [cxt 0] Dumping entry 0
Match key:
* standard_metadata.egress_port: EXACT     0002
Action entry: MyEgress.is_egress_border - 

[07:16:13.138] [bmv2] [D] [thread 14856] [4.1] [cxt 0] Action entry is MyEgress.is_egress_border - 
[07:16:13.139] [bmv2] [T] [thread 14856] [4.1] [cxt 0] Action MyEgress.is_egress_border
[07:16:13.139] [bmv2] [T] [thread 14856] [4.1] [cxt 0] p4src/p4_pipeline.p4(299) Primitive hdr.ethernet.etherType = hdr.in_ethernet.etherType
[07:16:13.139] [bmv2] [T] [thread 14856] [4.1] [cxt 0] Applying table 'tbl_act_5'
[07:16:13.139] [bmv2] [D] [thread 14856] [4.1] [cxt 0] Looking up key:

[07:16:13.139] [bmv2] [D] [thread 14856] [4.1] [cxt 0] Table 'tbl_act_5': miss
[07:16:13.139] [bmv2] [D] [thread 14856] [4.1] [cxt 0] Action entry is act_5 - 
[07:16:13.139] [bmv2] [T] [thread 14856] [4.1] [cxt 0] Action act_5
[07:16:13.139] [bmv2] [T] [thread 14856] [4.1] [cxt 0] Primitive (no source info)
[07:16:13.140] [bmv2] [T] [thread 14856] [4.1] [cxt 0] Condition "node_31" (node_31) is true
[07:16:13.140] [bmv2] [T] [thread 14856] [4.1] [cxt 0] Applying table 'MyEgress.vpls_learn_tbl'
[07:16:13.140] [bmv2] [D] [thread 14856] [4.1] [cxt 0] Looking up key:
* hdr.ethernet.srcAddr: 00000a000001
* hdr.vpls.pw_id      : 00000001

[07:16:13.140] [bmv2] [D] [thread 14856] [4.1] [cxt 0] Table 'MyEgress.vpls_learn_tbl': miss
[07:16:13.140] [bmv2] [D] [thread 14856] [4.1] [cxt 0] Action entry is MyEgress.vpls_learn - 
[07:16:13.140] [bmv2] [T] [thread 14856] [4.1] [cxt 0] Action MyEgress.vpls_learn
[07:16:13.140] [bmv2] [T] [thread 14856] [4.1] [cxt 0] p4src/p4_pipeline.p4(317) Primitive meta.ingress_port = (bit<16>)standard_metadata.ingress_port
[07:16:13.140] [bmv2] [T] [thread 14856] [4.1] [cxt 0] p4src/include/headers.p4(16) Primitive 0x2; ...
[07:16:13.140] [bmv2] [T] [thread 14856] [4.1] [cxt 0] p4src/p4_pipeline.p4(319) Primitive meta.vpls.tunnel_id = hdr.vpls.tunnel_id
[07:16:13.141] [bmv2] [T] [thread 14856] [4.1] [cxt 0] p4src/p4_pipeline.p4(320) Primitive meta.vpls.pw_id = hdr.vpls.pw_id
[07:16:13.141] [bmv2] [T] [thread 14856] [4.1] [cxt 0] p4src/p4_pipeline.p4(321) Primitive clone3(CloneType.E2E, 100, meta)
[07:16:13.141] [bmv2] [T] [thread 14856] [4.1] [cxt 0] Applying table 'tbl_p4_pipeline364'
[07:16:13.141] [bmv2] [D] [thread 14856] [4.1] [cxt 0] Looking up key:

[07:16:13.141] [bmv2] [D] [thread 14856] [4.1] [cxt 0] Table 'tbl_p4_pipeline364': miss
[07:16:13.142] [bmv2] [D] [thread 14856] [4.1] [cxt 0] Action entry is p4_pipeline364 - 
[07:16:13.142] [bmv2] [T] [thread 14856] [4.1] [cxt 0] Action p4_pipeline364
[07:16:13.142] [bmv2] [T] [thread 14856] [4.1] [cxt 0] p4src/p4_pipeline.p4(364) Primitive hdr.vpls.setInvalid()
[07:16:13.142] [bmv2] [T] [thread 14856] [4.1] [cxt 0] p4src/p4_pipeline.p4(365) Primitive hdr.in_ethernet.setInvalid()
[07:16:13.142] [bmv2] [D] [thread 14856] [4.1] [cxt 0] Pipeline 'egress': end
[07:16:13.142] [bmv2] [D] [thread 14856] [4.1] [cxt 0] Cloning packet at egress
[07:16:13.143] [bmv2] [D] [thread 14856] [4.1] [cxt 0] Cloning packet to egress port 5
[07:16:13.143] [bmv2] [D] [thread 14855] [4.2] [cxt 0] Pipeline 'egress': start
[07:16:13.143] [bmv2] [T] [thread 14855] [4.2] [cxt 0] p4src/p4_pipeline.p4(339) Condition "(standard_metadata.instance_type == 1) || (standard_metadata.instance_type == 2)" (node_24) is true
[07:16:13.143] [bmv2] [T] [thread 14855] [4.2] [cxt 0] Applying table 'tbl_p4_pipeline342'
[07:16:13.143] [bmv2] [D] [thread 14855] [4.2] [cxt 0] Looking up key:

[07:16:13.143] [bmv2] [D] [thread 14855] [4.2] [cxt 0] Table 'tbl_p4_pipeline342': miss
[07:16:13.143] [bmv2] [D] [thread 14855] [4.2] [cxt 0] Action entry is p4_pipeline342 - 
[07:16:13.143] [bmv2] [T] [thread 14855] [4.2] [cxt 0] Action p4_pipeline342
[07:16:13.144] [bmv2] [T] [thread 14855] [4.2] [cxt 0] p4src/p4_pipeline.p4(342) Primitive hdr.cpu.setValid()
[07:16:13.144] [bmv2] [T] [thread 14855] [4.2] [cxt 0] p4src/p4_pipeline.p4(343) Primitive hdr.cpu.srcAddr = hdr.ethernet.srcAddr
[07:16:13.144] [bmv2] [T] [thread 14855] [4.2] [cxt 0] p4src/p4_pipeline.p4(344) Primitive hdr.cpu.ingress_port = (bit<16>)meta.ingress_port
[07:16:13.144] [bmv2] [T] [thread 14855] [4.2] [cxt 0] p4src/p4_pipeline.p4(345) Primitive hdr.cpu.learnType = meta.learnType
[07:16:13.144] [bmv2] [T] [thread 14855] [4.2] [cxt 0] p4src/p4_pipeline.p4(346) Primitive hdr.cpu.tunnel_id = meta.vpls.tunnel_id
[07:16:13.145] [bmv2] [T] [thread 14855] [4.2] [cxt 0] p4src/p4_pipeline.p4(347) Primitive hdr.cpu.pw_id = meta.vpls.pw_id
[07:16:13.145] [bmv2] [T] [thread 14855] [4.2] [cxt 0] p4src/p4_pipeline.p4(8) Primitive 0x1234; ...
[07:16:13.145] [bmv2] [T] [thread 14855] [4.2] [cxt 0] p4src/p4_pipeline.p4(349) Primitive hdr.vpls.setInvalid()
[07:16:13.146] [bmv2] [T] [thread 14855] [4.2] [cxt 0] p4src/p4_pipeline.p4(350) Primitive hdr.tcp.setInvalid()
[07:16:13.146] [bmv2] [T] [thread 14855] [4.2] [cxt 0] p4src/p4_pipeline.p4(351) Primitive hdr.ipv4.setInvalid()
[07:16:13.146] [bmv2] [T] [thread 14855] [4.2] [cxt 0] p4src/p4_pipeline.p4(352) Primitive hdr.in_ethernet.setInvalid()
[07:16:13.146] [bmv2] [T] [thread 14855] [4.2] [cxt 0] p4src/p4_pipeline.p4(353) Primitive truncate((bit<32>)31)
[07:16:13.146] [bmv2] [D] [thread 14855] [4.2] [cxt 0] Pipeline 'egress': end
[07:16:13.147] [bmv2] [D] [thread 14855] [4.2] [cxt 0] Deparser 'deparser': start
[07:16:13.149] [bmv2] [T] [thread 14855] [4.2] [cxt 0] Skipping checksum 'cksum' update because condition not met
[07:16:13.149] [bmv2] [D] [thread 14855] [4.2] [cxt 0] Deparsing header 'ethernet'
[07:16:13.149] [bmv2] [D] [thread 14855] [4.2] [cxt 0] Deparsing header 'cpu'
[07:16:13.149] [bmv2] [D] [thread 14855] [4.2] [cxt 0] Deparser 'deparser': end
[07:16:13.149] [bmv2] [D] [thread 14858] [4.2] [cxt 0] Transmitting packet of size 31 out of port 5
[07:16:13.138] [bmv2] [D] [thread 14853] [5.0] [cxt 0] Processing packet received on port 4
[07:16:13.143] [bmv2] [D] [thread 14856] [4.1] [cxt 0] Deparser 'deparser': start
[07:16:13.151] [bmv2] [T] [thread 15053] bm_table_add_entry
[07:16:13.152] [bmv2] [D] [thread 15053] Entry 0 added to table 'MyEgress.vpls_learn_tbl'
[07:16:13.152] [bmv2] [D] [thread 15053] Dumping entry 0
Match key:
* hdr.ethernet.srcAddr: EXACT     00000a000001
* hdr.vpls.pw_id      : EXACT     00000001
Action entry: NoAction - 

[07:16:13.153] [bmv2] [T] [thread 15053] bm_table_add_entry
[07:16:13.153] [bmv2] [D] [thread 15053] Entry 0 added to table 'MyIngress.ecmp_group_to_label'
[07:16:13.153] [bmv2] [D] [thread 15053] Dumping entry 0
Match key:
* meta.ecmp_group_id            : EXACT     0001
* meta.ecmp_hash                : EXACT     0000
* hdr.ethernet.dstAddr          : EXACT     00000a000001
* standard_metadata.ingress_port: EXACT     0002
Action entry: MyIngress.add_vpls_header_set_outport - 4,1,3,

[07:16:13.154] [bmv2] [T] [thread 15053] bm_table_add_entry
[07:16:13.154] [bmv2] [D] [thread 15053] Entry 1 added to table 'MyIngress.ecmp_group_to_label'
[07:16:13.154] [bmv2] [D] [thread 15053] Dumping entry 1
Match key:
* meta.ecmp_group_id            : EXACT     0001
* meta.ecmp_hash                : EXACT     0001
* hdr.ethernet.dstAddr          : EXACT     00000a000001
* standard_metadata.ingress_port: EXACT     0002
Action entry: MyIngress.add_vpls_header_set_outport - 3,1,4,

[07:16:13.154] [bmv2] [T] [thread 15053] bm_table_add_entry
[07:16:13.155] [bmv2] [D] [thread 15053] Entry 0 added to table 'MyIngress.addr_to_label'
[07:16:13.155] [bmv2] [D] [thread 15053] Dumping entry 0
Match key:
* hdr.ethernet.dstAddr          : EXACT     00000a000001
* standard_metadata.ingress_port: EXACT     0002
Action entry: MyIngress.ecmp_group - 1,2,

[07:16:13.155] [bmv2] [T] [thread 14856] [4.1] [cxt 0] Skipping checksum 'cksum' update because condition not met
[07:16:13.156] [bmv2] [D] [thread 14856] [4.1] [cxt 0] Deparsing header 'ethernet'
[07:16:13.156] [bmv2] [D] [thread 14856] [4.1] [cxt 0] Deparser 'deparser': end
[07:16:13.156] [bmv2] [D] [thread 14858] [4.1] [cxt 0] Transmitting packet of size 42 out of port 2
[07:16:13.158] [bmv2] [D] [thread 14853] [5.0] [cxt 0] Parser 'parser': start
[07:16:13.158] [bmv2] [D] [thread 14853] [5.0] [cxt 0] Parser 'parser' entering state 'start'
[07:16:13.158] [bmv2] [D] [thread 14853] [5.0] [cxt 0] Extracting header 'ethernet'
[07:16:13.158] [bmv2] [D] [thread 14853] [5.0] [cxt 0] Parser state 'start': key is 0100
[07:16:13.158] [bmv2] [T] [thread 14853] [5.0] [cxt 0] Bytes parsed: 14
[07:16:13.158] [bmv2] [D] [thread 14853] [5.0] [cxt 0] Parser 'parser' entering state 'parse_vpls'
[07:16:13.158] [bmv2] [D] [thread 14853] [5.0] [cxt 0] Extracting header 'vpls'
[07:16:13.159] [bmv2] [D] [thread 14853] [5.0] [cxt 0] Extracting header 'in_ethernet'
[07:16:13.159] [bmv2] [D] [thread 14853] [5.0] [cxt 0] Parser state 'parse_vpls': key is 0806
[07:16:13.159] [bmv2] [T] [thread 14853] [5.0] [cxt 0] Bytes parsed: 36
[07:16:13.159] [bmv2] [D] [thread 14853] [5.0] [cxt 0] Parser 'parser': end
[07:16:13.159] [bmv2] [D] [thread 14853] [5.0] [cxt 0] Pipeline 'ingress': start
[07:16:13.159] [bmv2] [T] [thread 14853] [5.0] [cxt 0] Applying table 'MyIngress.check_is_ingress_border'
[07:16:13.159] [bmv2] [D] [thread 14853] [5.0] [cxt 0] Looking up key:
* standard_metadata.ingress_port: 0004

[07:16:13.159] [bmv2] [D] [thread 14853] [5.0] [cxt 0] Table 'MyIngress.check_is_ingress_border': miss
[07:16:13.159] [bmv2] [D] [thread 14853] [5.0] [cxt 0] Action entry is NoAction - 
[07:16:13.160] [bmv2] [T] [thread 14853] [5.0] [cxt 0] Action NoAction
[07:16:13.160] [bmv2] [T] [thread 14853] [5.0] [cxt 0] p4src/p4_pipeline.p4(222) Condition "meta.is_ingress_border == 1" (node_3) is false
[07:16:13.160] [bmv2] [T] [thread 14853] [5.0] [cxt 0] p4src/p4_pipeline.p4(241) Condition "hdr.vpls.isValid()" (node_12) is true
[07:16:13.160] [bmv2] [T] [thread 14853] [5.0] [cxt 0] Applying table 'MyIngress.vpls_tbl'
[07:16:13.160] [bmv2] [D] [thread 14853] [5.0] [cxt 0] Looking up key:
* hdr.vpls.tunnel_id            : 00000003
* standard_metadata.ingress_port: 0004

[07:16:13.160] [bmv2] [D] [thread 14853] [5.0] [cxt 0] Table 'MyIngress.vpls_tbl': miss
[07:16:13.160] [bmv2] [D] [thread 14853] [5.0] [cxt 0] Action entry is MyIngress.drop - 
[07:16:13.160] [bmv2] [T] [thread 14853] [5.0] [cxt 0] Action MyIngress.drop
[07:16:13.160] [bmv2] [T] [thread 14853] [5.0] [cxt 0] Applying table 'tbl_act_2'
[07:16:13.161] [bmv2] [D] [thread 14853] [5.0] [cxt 0] Looking up key:

[07:16:13.161] [bmv2] [D] [thread 14853] [5.0] [cxt 0] Table 'tbl_act_2': miss
[07:16:13.161] [bmv2] [D] [thread 14853] [5.0] [cxt 0] Action entry is act_2 - 
[07:16:13.161] [bmv2] [T] [thread 14853] [5.0] [cxt 0] Action act_2
[07:16:13.161] [bmv2] [T] [thread 14853] [5.0] [cxt 0] Primitive (no source info)
[07:16:13.161] [bmv2] [T] [thread 14853] [5.0] [cxt 0] Condition "node_16" (node_16) is false
[07:16:13.161] [bmv2] [T] [thread 14853] [5.0] [cxt 0] Applying table 'MyIngress.vpls_dmac'
[07:16:13.161] [bmv2] [D] [thread 14853] [5.0] [cxt 0] Looking up key:
* hdr.vpls.tunnel_id  : 00000003
* hdr.vpls.pw_id      : 00000001
* hdr.ethernet.dstAddr: ffffffffffff

[07:16:13.161] [bmv2] [D] [thread 14853] [5.0] [cxt 0] Table 'MyIngress.vpls_dmac': miss
[07:16:13.162] [bmv2] [D] [thread 14853] [5.0] [cxt 0] Action entry is MyIngress.drop - 
[07:16:13.162] [bmv2] [T] [thread 14853] [5.0] [cxt 0] Action MyIngress.drop
[07:16:13.162] [bmv2] [T] [thread 14853] [5.0] [cxt 0] Applying table 'tbl_act_4'
[07:16:13.162] [bmv2] [D] [thread 14853] [5.0] [cxt 0] Looking up key:

[07:16:13.162] [bmv2] [D] [thread 14853] [5.0] [cxt 0] Table 'tbl_act_4': miss
[07:16:13.162] [bmv2] [D] [thread 14853] [5.0] [cxt 0] Action entry is act_4 - 
[07:16:13.162] [bmv2] [T] [thread 14853] [5.0] [cxt 0] Action act_4
[07:16:13.162] [bmv2] [T] [thread 14853] [5.0] [cxt 0] Primitive (no source info)
[07:16:13.163] [bmv2] [T] [thread 14853] [5.0] [cxt 0] Condition "node_20" (node_20) is false
[07:16:13.163] [bmv2] [T] [thread 14853] [5.0] [cxt 0] Applying table 'MyIngress.vpls_dmac_broadcast'
[07:16:13.163] [bmv2] [D] [thread 14853] [5.0] [cxt 0] Looking up key:
* hdr.vpls.tunnel_id  : 00000003
* hdr.vpls.pw_id      : 00000001

[07:16:13.163] [bmv2] [D] [thread 14853] [5.0] [cxt 0] Table 'MyIngress.vpls_dmac_broadcast': hit with handle 5
[07:16:13.163] [bmv2] [D] [thread 14853] [5.0] [cxt 0] Dumping entry 5
Match key:
* hdr.vpls.tunnel_id  : EXACT     00000003
* hdr.vpls.pw_id      : EXACT     00000001
Action entry: MyIngress.add_mcast_grpid - 4,

[07:16:13.163] [bmv2] [D] [thread 14853] [5.0] [cxt 0] Action entry is MyIngress.add_mcast_grpid - 4,
[07:16:13.163] [bmv2] [T] [thread 14853] [5.0] [cxt 0] Action MyIngress.add_mcast_grpid
[07:16:13.163] [bmv2] [T] [thread 14853] [5.0] [cxt 0] p4src/p4_pipeline.p4(189) Primitive standard_metadata.mcast_grp = grpid
[07:16:13.163] [bmv2] [D] [thread 14853] [5.0] [cxt 0] Pipeline 'ingress': end
[07:16:13.164] [bmv2] [D] [thread 14853] [5.0] [cxt 0] Multicast requested for packet
[07:16:13.164] [bmv2] [D] [thread 14853] number of packets replicated : 1
[07:16:13.164] [bmv2] [D] [thread 14853] [5.0] [cxt 0] Replicating packet on port 2
[07:16:13.169] [bmv2] [D] [thread 14856] [5.1] [cxt 0] Pipeline 'egress': start
[07:16:13.169] [bmv2] [T] [thread 14856] [5.1] [cxt 0] p4src/p4_pipeline.p4(339) Condition "(standard_metadata.instance_type == 1) || (standard_metadata.instance_type == 2)" (node_24) is false
[07:16:13.170] [bmv2] [T] [thread 14856] [5.1] [cxt 0] p4src/p4_pipeline.p4(355) Condition "!hdr.vpls.isValid()" (node_26) is false
[07:16:13.170] [bmv2] [T] [thread 14856] [5.1] [cxt 0] Applying table 'MyEgress.check_is_egress_border'
[07:16:13.170] [bmv2] [D] [thread 14856] [5.1] [cxt 0] Looking up key:
* standard_metadata.egress_port: 0002

[07:16:13.170] [bmv2] [D] [thread 14856] [5.1] [cxt 0] Table 'MyEgress.check_is_egress_border': hit with handle 0
[07:16:13.170] [bmv2] [D] [thread 14856] [5.1] [cxt 0] Dumping entry 0
Match key:
* standard_metadata.egress_port: EXACT     0002
Action entry: MyEgress.is_egress_border - 

[07:16:13.171] [bmv2] [D] [thread 14856] [5.1] [cxt 0] Action entry is MyEgress.is_egress_border - 
[07:16:13.171] [bmv2] [T] [thread 14856] [5.1] [cxt 0] Action MyEgress.is_egress_border
[07:16:13.171] [bmv2] [T] [thread 14856] [5.1] [cxt 0] p4src/p4_pipeline.p4(299) Primitive hdr.ethernet.etherType = hdr.in_ethernet.etherType
[07:16:13.172] [bmv2] [T] [thread 14856] [5.1] [cxt 0] Applying table 'tbl_act_5'
[07:16:13.172] [bmv2] [D] [thread 14856] [5.1] [cxt 0] Looking up key:

[07:16:13.172] [bmv2] [D] [thread 14856] [5.1] [cxt 0] Table 'tbl_act_5': miss
[07:16:13.172] [bmv2] [D] [thread 14856] [5.1] [cxt 0] Action entry is act_5 - 
[07:16:13.172] [bmv2] [T] [thread 14856] [5.1] [cxt 0] Action act_5
[07:16:13.172] [bmv2] [T] [thread 14856] [5.1] [cxt 0] Primitive (no source info)
[07:16:13.173] [bmv2] [T] [thread 14856] [5.1] [cxt 0] Condition "node_31" (node_31) is true
[07:16:13.174] [bmv2] [T] [thread 14856] [5.1] [cxt 0] Applying table 'MyEgress.vpls_learn_tbl'
[07:16:13.174] [bmv2] [D] [thread 14856] [5.1] [cxt 0] Looking up key:
* hdr.ethernet.srcAddr: 00000a000001
* hdr.vpls.pw_id      : 00000001

[07:16:13.174] [bmv2] [D] [thread 14856] [5.1] [cxt 0] Table 'MyEgress.vpls_learn_tbl': hit with handle 0
[07:16:13.174] [bmv2] [D] [thread 14856] [5.1] [cxt 0] Dumping entry 0
Match key:
* hdr.ethernet.srcAddr: EXACT     00000a000001
* hdr.vpls.pw_id      : EXACT     00000001
Action entry: NoAction - 

[07:16:13.174] [bmv2] [D] [thread 14856] [5.1] [cxt 0] Action entry is NoAction - 
[07:16:13.175] [bmv2] [T] [thread 14856] [5.1] [cxt 0] Action NoAction
[07:16:13.175] [bmv2] [T] [thread 14856] [5.1] [cxt 0] Applying table 'tbl_p4_pipeline364'
[07:16:13.175] [bmv2] [D] [thread 14856] [5.1] [cxt 0] Looking up key:

[07:16:13.175] [bmv2] [D] [thread 14856] [5.1] [cxt 0] Table 'tbl_p4_pipeline364': miss
[07:16:13.176] [bmv2] [D] [thread 14856] [5.1] [cxt 0] Action entry is p4_pipeline364 - 
[07:16:13.176] [bmv2] [T] [thread 14856] [5.1] [cxt 0] Action p4_pipeline364
[07:16:13.176] [bmv2] [T] [thread 14856] [5.1] [cxt 0] p4src/p4_pipeline.p4(364) Primitive hdr.vpls.setInvalid()
[07:16:13.177] [bmv2] [T] [thread 14856] [5.1] [cxt 0] p4src/p4_pipeline.p4(365) Primitive hdr.in_ethernet.setInvalid()
[07:16:13.177] [bmv2] [D] [thread 14856] [5.1] [cxt 0] Pipeline 'egress': end
[07:16:13.177] [bmv2] [D] [thread 14856] [5.1] [cxt 0] Deparser 'deparser': start
[07:16:13.177] [bmv2] [T] [thread 14856] [5.1] [cxt 0] Skipping checksum 'cksum' update because condition not met
[07:16:13.177] [bmv2] [D] [thread 14856] [5.1] [cxt 0] Deparsing header 'ethernet'
[07:16:13.177] [bmv2] [D] [thread 14856] [5.1] [cxt 0] Deparser 'deparser': end
[07:16:13.178] [bmv2] [D] [thread 14858] [5.1] [cxt 0] Transmitting packet of size 42 out of port 2
